+0ns POS: x=150, y=93.986, z=0; VEL:0, y=50.4038, z=0
+0ns POS: x=195.418, y=150, z=0; VEL:50.1186, y=0, z=0
+1.04727e+08ns POS: x=200.667, y=150, z=0; VEL:0, y=0, z=0
+1.04727e+08ns POS: x=200.667, y=150, z=0; VEL:50.1239, y=0, z=0
+2.0448e+08ns POS: x=205.667, y=150, z=0; VEL:0, y=0, z=0
+2.0448e+08ns POS: x=205.667, y=150, z=0; VEL:50.0742, y=0, z=0
+2.91007e+08ns POS: x=210, y=150, z=0; VEL:0, y=0, z=0
+2.91007e+08ns POS: x=210, y=150, z=0; VEL:0, y=50.0742, z=0
+3.04332e+08ns POS: x=210, y=150.667, z=0; VEL:0, y=0, z=0
+3.04332e+08ns POS: x=210, y=150.667, z=0; VEL:0, y=50, z=0
+3.17715e+08ns POS: x=150, y=110, z=0; VEL:0, y=0, z=0
+3.17715e+08ns POS: x=150, y=110, z=0; VEL:50.4038, y=0, z=0
+5.09879e+08ns POS: x=159.686, y=110, z=0; VEL:0, y=0, z=0
+5.09879e+08ns POS: x=159.686, y=110, z=0; VEL:50.1291, y=0, z=0
+6.04332e+08ns POS: x=210, y=165.667, z=0; VEL:0, y=0, z=0
+6.04332e+08ns POS: x=210, y=165.667, z=0; VEL:0, y=50, z=0
+6.09621e+08ns POS: x=164.686, y=110, z=0; VEL:0, y=0, z=0
+6.09621e+08ns POS: x=164.686, y=110, z=0; VEL:50.3922, y=0, z=0
+6.90987e+08ns POS: x=210, y=170, z=0; VEL:0, y=0, z=0
+6.90987e+08ns POS: x=210, y=170, z=0; VEL:-50, y=0, z=0
+7.15078e+08ns POS: x=170, y=110, z=0; VEL:0, y=0, z=0
+7.15078e+08ns POS: x=170, y=110, z=0; VEL:0, y=-50.3922, z=0
+1.09099e+09ns POS: x=190, y=170, z=0; VEL:0, y=0, z=0
+1.09099e+09ns POS: x=190, y=170, z=0; VEL:0, y=-50, z=0
+1.10433e+09ns POS: x=190, y=169.333, z=0; VEL:0, y=0, z=0
+1.10433e+09ns POS: x=190, y=169.333, z=0; VEL:0, y=-50.2111, z=0
+1.10573e+09ns POS: x=170, y=90.3142, z=0; VEL:0, y=0, z=0
+1.10573e+09ns POS: x=170, y=90.3142, z=0; VEL:0, y=-50, z=0
+1.11201e+09ns POS: x=170, y=90, z=0; VEL:0, y=0, z=0
+1.11201e+09ns POS: x=170, y=90, z=0; VEL:50, y=0, z=0
+1.40573e+09ns POS: x=184.686, y=90, z=0; VEL:0, y=0, z=0
+1.40573e+09ns POS: x=184.686, y=90, z=0; VEL:50, y=0, z=0
+1.48936e+09ns POS: x=190, y=150, z=0; VEL:0, y=0, z=0
+1.48936e+09ns POS: x=190, y=150, z=0; VEL:50.2111, y=0, z=0
+1.70573e+09ns POS: x=199.686, y=90, z=0; VEL:0, y=0, z=0
+1.70573e+09ns POS: x=199.686, y=90, z=0; VEL:50, y=0, z=0
+1.88768e+09ns POS: x=210, y=150, z=0; VEL:0, y=0, z=0
+1.88768e+09ns POS: x=210, y=150, z=0; VEL:0, y=50.2111, z=0
+1.91201e+09ns POS: x=210, y=90, z=0; VEL:0, y=0, z=0
+1.91201e+09ns POS: x=210, y=90, z=0; VEL:0, y=-50, z=0
+2.286e+09ns POS: x=210, y=170, z=0; VEL:0, y=0, z=0
+2.286e+09ns POS: x=210, y=170, z=0; VEL:-50.2111, y=0, z=0
+2.90573e+09ns POS: x=210, y=40.3142, z=0; VEL:0, y=0, z=0
+2.90573e+09ns POS: x=210, y=40.3142, z=0; VEL:0, y=-50, z=0
+3.08264e+09ns POS: x=170, y=170, z=0; VEL:0, y=0, z=0
+3.08264e+09ns POS: x=170, y=170, z=0; VEL:0, y=-50.2111, z=0
+3.09592e+09ns POS: x=170, y=169.333, z=0; VEL:0, y=0, z=0
+3.09592e+09ns POS: x=170, y=169.333, z=0; VEL:0, y=-50, z=0
+3.29592e+09ns POS: x=170, y=159.333, z=0; VEL:0, y=0, z=0
+3.29592e+09ns POS: x=170, y=159.333, z=0; VEL:0, y=-50.1946, z=0
+3.30573e+09ns POS: x=210, y=20.3142, z=0; VEL:0, y=0, z=0
+3.30573e+09ns POS: x=210, y=20.3142, z=0; VEL:0, y=-50.1332, z=0
+3.51147e+09ns POS: x=210, y=10, z=0; VEL:0, y=0, z=0
+3.51147e+09ns POS: x=210, y=10, z=0; VEL:-50.1332, y=0, z=0
+3.59476e+09ns POS: x=170, y=144.333, z=0; VEL:0, y=0, z=0
+3.59476e+09ns POS: x=170, y=144.333, z=0; VEL:0, y=-50.2539, z=0
+3.79375e+09ns POS: x=170, y=134.333, z=0; VEL:0, y=0, z=0
+3.79375e+09ns POS: x=170, y=134.333, z=0; VEL:0, y=-50.1079, z=0
+3.88022e+09ns POS: x=170, y=130, z=0; VEL:0, y=0, z=0
+3.88022e+09ns POS: x=170, y=130, z=0; VEL:50.1079, y=0, z=0
+3.9104e+09ns POS: x=190, y=10, z=0; VEL:0, y=0, z=0
+3.9104e+09ns POS: x=190, y=10, z=0; VEL:0, y=50.1332, z=0
+4.0931e+09ns POS: x=180.667, y=130, z=0; VEL:0, y=0, z=0
+4.0931e+09ns POS: x=180.667, y=130, z=0; VEL:50.1047, y=0, z=0
+4.20334e+09ns POS: x=190, y=24.6858, z=0; VEL:0, y=0, z=0
+4.20334e+09ns POS: x=190, y=24.6858, z=0; VEL:0, y=50, z=0
+4.27937e+09ns POS: x=190, y=130, z=0; VEL:0, y=0, z=0
+4.27937e+09ns POS: x=190, y=130, z=0; VEL:0, y=-50.1047, z=0
+4.29269e+09ns POS: x=190, y=129.333, z=0; VEL:0, y=0, z=0
+4.29269e+09ns POS: x=190, y=129.333, z=0; VEL:0, y=-50.3262, z=0
+4.30334e+09ns POS: x=190, y=29.6858, z=0; VEL:0, y=0, z=0
+4.30334e+09ns POS: x=190, y=29.6858, z=0; VEL:0, y=50, z=0
+4.49139e+09ns POS: x=190, y=119.333, z=0; VEL:0, y=0, z=0
+4.49139e+09ns POS: x=190, y=119.333, z=0; VEL:0, y=-50, z=0
+4.50334e+09ns POS: x=190, y=39.6858, z=0; VEL:0, y=0, z=0
+4.50334e+09ns POS: x=190, y=39.6858, z=0; VEL:0, y=50, z=0
+4.60334e+09ns POS: x=190, y=44.6858, z=0; VEL:0, y=0, z=0
+4.60334e+09ns POS: x=190, y=44.6858, z=0; VEL:0, y=50, z=0
+4.67805e+09ns POS: x=190, y=110, z=0; VEL:0, y=0, z=0
+4.67805e+09ns POS: x=190, y=110, z=0; VEL:50, y=0, z=0
+4.70962e+09ns POS: x=190, y=50, z=0; VEL:0, y=0, z=0
+4.70962e+09ns POS: x=190, y=50, z=0; VEL:50, y=0, z=0
+5.07805e+09ns POS: x=210, y=110, z=0; VEL:0, y=0, z=0
+5.07805e+09ns POS: x=210, y=110, z=0; VEL:0, y=50, z=0
+5.10962e+09ns POS: x=210, y=50, z=0; VEL:0, y=0, z=0
+5.10962e+09ns POS: x=210, y=50, z=0; VEL:0, y=-50, z=0
+5.50962e+09ns POS: x=210, y=30, z=0; VEL:0, y=0, z=0
+5.50962e+09ns POS: x=210, y=30, z=0; VEL:-50, y=0, z=0
+5.79139e+09ns POS: x=210, y=145.667, z=0; VEL:0, y=0, z=0
+5.79139e+09ns POS: x=210, y=145.667, z=0; VEL:0, y=50.0101, z=0
+5.80334e+09ns POS: x=195.314, y=30, z=0; VEL:0, y=0, z=0
+5.80334e+09ns POS: x=195.314, y=30, z=0; VEL:-50, y=0, z=0
+5.90962e+09ns POS: x=190, y=30, z=0; VEL:0, y=0, z=0
+5.90962e+09ns POS: x=190, y=30, z=0; VEL:0, y=-50, z=0
+5.99135e+09ns POS: x=210, y=155.667, z=0; VEL:0, y=0, z=0
+5.99135e+09ns POS: x=210, y=155.667, z=0; VEL:0, y=50, z=0
+6.19135e+09ns POS: x=210, y=165.667, z=0; VEL:0, y=0, z=0
+6.19135e+09ns POS: x=210, y=165.667, z=0; VEL:0, y=50, z=0
+6.278e+09ns POS: x=210, y=170, z=0; VEL:0, y=0, z=0
+6.278e+09ns POS: x=210, y=170, z=0; VEL:-50, y=0, z=0
+6.30962e+09ns POS: x=190, y=10, z=0; VEL:0, y=0, z=0
+6.30962e+09ns POS: x=190, y=10, z=0; VEL:50, y=0, z=0
+6.39135e+09ns POS: x=204.333, y=170, z=0; VEL:0, y=0, z=0
+6.39135e+09ns POS: x=204.333, y=170, z=0; VEL:-50.2758, y=0, z=0
+6.59025e+09ns POS: x=194.333, y=170, z=0; VEL:0, y=0, z=0
+6.59025e+09ns POS: x=194.333, y=170, z=0; VEL:-50, y=0, z=0
+6.70334e+09ns POS: x=209.686, y=10, z=0; VEL:0, y=0, z=0
+6.70334e+09ns POS: x=209.686, y=10, z=0; VEL:50.2895, y=0, z=0
+6.70959e+09ns POS: x=210, y=10, z=0; VEL:0, y=0, z=0
+6.70959e+09ns POS: x=210, y=10, z=0; VEL:0, y=50.2895, z=0
+6.80276e+09ns POS: x=210, y=14.6858, z=0; VEL:0, y=0, z=0
+6.80276e+09ns POS: x=210, y=14.6858, z=0; VEL:0, y=50, z=0
+6.89025e+09ns POS: x=179.333, y=170, z=0; VEL:0, y=0, z=0
+6.89025e+09ns POS: x=179.333, y=170, z=0; VEL:-50.0796, y=0, z=0
+7.07661e+09ns POS: x=170, y=170, z=0; VEL:0, y=0, z=0
+7.07661e+09ns POS: x=170, y=170, z=0; VEL:0, y=50.0796, z=0
+7.38946e+09ns POS: x=170, y=185.667, z=0; VEL:0, y=0, z=0
+7.38946e+09ns POS: x=170, y=185.667, z=0; VEL:0, y=50.0874, z=0
+7.47596e+09ns POS: x=170, y=190, z=0; VEL:0, y=0, z=0
+7.47596e+09ns POS: x=170, y=190, z=0; VEL:50.0874, y=0, z=0
+7.50276e+09ns POS: x=210, y=49.6858, z=0; VEL:0, y=0, z=0
+7.50276e+09ns POS: x=210, y=49.6858, z=0; VEL:0, y=50, z=0
+7.50905e+09ns POS: x=210, y=50, z=0; VEL:0, y=0, z=0
+7.50905e+09ns POS: x=210, y=50, z=0; VEL:-50, y=0, z=0
+7.68893e+09ns POS: x=180.667, y=190, z=0; VEL:0, y=0, z=0
+7.68893e+09ns POS: x=180.667, y=190, z=0; VEL:50, y=0, z=0
+7.87559e+09ns POS: x=190, y=190, z=0; VEL:0, y=0, z=0
+7.87559e+09ns POS: x=190, y=190, z=0; VEL:0, y=50, z=0
+7.88893e+09ns POS: x=190, y=190.667, z=0; VEL:0, y=0, z=0
+7.88893e+09ns POS: x=190, y=190.667, z=0; VEL:0, y=50, z=0
+7.90905e+09ns POS: x=190, y=50, z=0; VEL:0, y=0, z=0
+7.90905e+09ns POS: x=190, y=50, z=0; VEL:0, y=50, z=0
+8.27559e+09ns POS: x=190, y=210, z=0; VEL:0, y=0, z=0
+8.27559e+09ns POS: x=190, y=210, z=0; VEL:50, y=0, z=0
+8.30276e+09ns POS: x=190, y=69.6858, z=0; VEL:0, y=0, z=0
+8.30276e+09ns POS: x=190, y=69.6858, z=0; VEL:0, y=50.3745, z=0
+8.38893e+09ns POS: x=195.667, y=210, z=0; VEL:0, y=0, z=0
+8.38893e+09ns POS: x=195.667, y=210, z=0; VEL:50, y=0, z=0
+8.67559e+09ns POS: x=210, y=210, z=0; VEL:0, y=0, z=0
+8.67559e+09ns POS: x=210, y=210, z=0; VEL:0, y=-50, z=0
+8.78893e+09ns POS: x=210, y=204.333, z=0; VEL:0, y=0, z=0
+8.78893e+09ns POS: x=210, y=204.333, z=0; VEL:0, y=-50, z=0
+8.98893e+09ns POS: x=210, y=194.333, z=0; VEL:0, y=0, z=0
+8.98893e+09ns POS: x=210, y=194.333, z=0; VEL:0, y=-50.0389, z=0
+9.18878e+09ns POS: x=210, y=184.333, z=0; VEL:0, y=0, z=0
+9.18878e+09ns POS: x=210, y=184.333, z=0; VEL:0, y=-50, z=0
+9.58878e+09ns POS: x=210, y=164.333, z=0; VEL:0, y=0, z=0
+9.58878e+09ns POS: x=210, y=164.333, z=0; VEL:0, y=-50.1734, z=0
+9.5931e+09ns POS: x=190, y=134.686, z=0; VEL:0, y=0, z=0
+9.5931e+09ns POS: x=190, y=134.686, z=0; VEL:0, y=50.0754, z=0
+9.87444e+09ns POS: x=210, y=150, z=0; VEL:0, y=0, z=0
+9.87444e+09ns POS: x=210, y=150, z=0; VEL:-50.1734, y=0, z=0
+9.89265e+09ns POS: x=190, y=149.686, z=0; VEL:0, y=0, z=0
+9.89265e+09ns POS: x=190, y=149.686, z=0; VEL:0, y=50.0415, z=0
+9.89893e+09ns POS: x=190, y=150, z=0; VEL:0, y=0, z=0
+9.89893e+09ns POS: x=190, y=150, z=0; VEL:50.0415, y=0, z=0
+9.99256e+09ns POS: x=194.686, y=150, z=0; VEL:0, y=0, z=0
+9.99256e+09ns POS: x=194.686, y=150, z=0; VEL:50.062, y=0, z=0
+1.02985e+10ns POS: x=210, y=150, z=0; VEL:0, y=0, z=0
+1.02985e+10ns POS: x=210, y=150, z=0; VEL:0, y=-50.062, z=0
+1.04919e+10ns POS: x=210, y=140.314, z=0; VEL:0, y=0, z=0
+1.04919e+10ns POS: x=210, y=140.314, z=0; VEL:0, y=-50, z=0
+1.06919e+10ns POS: x=210, y=130.314, z=0; VEL:0, y=0, z=0
+1.06919e+10ns POS: x=210, y=130.314, z=0; VEL:0, y=-50, z=0
+1.06982e+10ns POS: x=210, y=130, z=0; VEL:0, y=0, z=0
+1.06982e+10ns POS: x=210, y=130, z=0; VEL:-50, y=0, z=0
+1.10703e+10ns POS: x=150, y=150, z=0; VEL:0, y=0, z=0
+1.10703e+10ns POS: x=150, y=150, z=0; VEL:0, y=-50.1734, z=0
+1.10836e+10ns POS: x=150, y=149.333, z=0; VEL:0, y=0, z=0
+1.10836e+10ns POS: x=150, y=149.333, z=0; VEL:0, y=-50.2473, z=0
+1.10982e+10ns POS: x=190, y=130, z=0; VEL:0, y=0, z=0
+1.10982e+10ns POS: x=190, y=130, z=0; VEL:0, y=-50, z=0
+1.11831e+10ns POS: x=150, y=144.333, z=0; VEL:0, y=0, z=0
+1.11831e+10ns POS: x=150, y=144.333, z=0; VEL:0, y=-50.011, z=0
+1.14982e+10ns POS: x=190, y=110, z=0; VEL:0, y=0, z=0
+1.14982e+10ns POS: x=190, y=110, z=0; VEL:50, y=0, z=0
+1.16919e+10ns POS: x=199.686, y=110, z=0; VEL:0, y=0, z=0
+1.16919e+10ns POS: x=199.686, y=110, z=0; VEL:50.0078, y=0, z=0
+1.18982e+10ns POS: x=210, y=110, z=0; VEL:0, y=0, z=0
+1.18982e+10ns POS: x=210, y=110, z=0; VEL:0, y=50.0078, z=0
+1.21829e+10ns POS: x=150, y=94.3328, z=0; VEL:0, y=0, z=0
+1.21829e+10ns POS: x=150, y=94.3328, z=0; VEL:0, y=-50.1493, z=0
+1.22693e+10ns POS: x=150, y=90, z=0; VEL:0, y=0, z=0
+1.22693e+10ns POS: x=150, y=90, z=0; VEL:50.1493, y=0, z=0
+1.22981e+10ns POS: x=210, y=130, z=0; VEL:0, y=0, z=0
+1.22981e+10ns POS: x=210, y=130, z=0; VEL:-50.0078, y=0, z=0
+1.23823e+10ns POS: x=155.667, y=90, z=0; VEL:0, y=0, z=0
+1.23823e+10ns POS: x=155.667, y=90, z=0; VEL:50, y=0, z=0
+1.25918e+10ns POS: x=195.314, y=130, z=0; VEL:0, y=0, z=0
+1.25918e+10ns POS: x=195.314, y=130, z=0; VEL:-50.0236, y=0, z=0
+1.26689e+10ns POS: x=170, y=90, z=0; VEL:0, y=0, z=0
+1.26689e+10ns POS: x=170, y=90, z=0; VEL:0, y=-50, z=0
+1.29916e+10ns POS: x=175.314, y=130, z=0; VEL:0, y=0, z=0
+1.29916e+10ns POS: x=175.314, y=130, z=0; VEL:-50, y=0, z=0
+1.34979e+10ns POS: x=150, y=130, z=0; VEL:0, y=0, z=0
+1.34979e+10ns POS: x=150, y=130, z=0; VEL:0, y=-50, z=0
+1.36823e+10ns POS: x=170, y=39.3328, z=0; VEL:0, y=0, z=0
+1.36823e+10ns POS: x=170, y=39.3328, z=0; VEL:0, y=-50, z=0
+1.38823e+10ns POS: x=170, y=29.3328, z=0; VEL:0, y=0, z=0
+1.38823e+10ns POS: x=170, y=29.3328, z=0; VEL:0, y=-50.2486, z=0
+1.38979e+10ns POS: x=150, y=110, z=0; VEL:0, y=0, z=0
+1.38979e+10ns POS: x=150, y=110, z=0; VEL:50, y=0, z=0
+1.41808e+10ns POS: x=170, y=14.3328, z=0; VEL:0, y=0, z=0
+1.41808e+10ns POS: x=170, y=14.3328, z=0; VEL:0, y=-50, z=0
+1.42675e+10ns POS: x=170, y=10, z=0; VEL:0, y=0, z=0
+1.42675e+10ns POS: x=170, y=10, z=0; VEL:50, y=0, z=0
+1.42979e+10ns POS: x=170, y=110, z=0; VEL:0, y=0, z=0
+1.42979e+10ns POS: x=170, y=110, z=0; VEL:0, y=50, z=0
+1.46675e+10ns POS: x=190, y=10, z=0; VEL:0, y=0, z=0
+1.46675e+10ns POS: x=190, y=10, z=0; VEL:0, y=50, z=0
+1.46979e+10ns POS: x=170, y=130, z=0; VEL:0, y=0, z=0
+1.46979e+10ns POS: x=170, y=130, z=0; VEL:50, y=0, z=0
+1.48808e+10ns POS: x=190, y=20.6672, z=0; VEL:0, y=0, z=0
+1.48808e+10ns POS: x=190, y=20.6672, z=0; VEL:0, y=50.297, z=0
+1.49916e+10ns POS: x=184.686, y=130, z=0; VEL:0, y=0, z=0
+1.49916e+10ns POS: x=184.686, y=130, z=0; VEL:50, y=0, z=0
+1.50664e+10ns POS: x=190, y=30, z=0; VEL:0, y=0, z=0
+1.50664e+10ns POS: x=190, y=30, z=0; VEL:50.297, y=0, z=0
+1.51916e+10ns POS: x=194.686, y=130, z=0; VEL:0, y=0, z=0
+1.51916e+10ns POS: x=194.686, y=130, z=0; VEL:50, y=0, z=0
+1.5464e+10ns POS: x=210, y=30, z=0; VEL:0, y=0, z=0
+1.5464e+10ns POS: x=210, y=30, z=0; VEL:0, y=50.297, z=0
+1.54979e+10ns POS: x=210, y=130, z=0; VEL:0, y=0, z=0
+1.54979e+10ns POS: x=210, y=130, z=0; VEL:0, y=50, z=0
+1.58616e+10ns POS: x=210, y=50, z=0; VEL:0, y=0, z=0
+1.58616e+10ns POS: x=210, y=50, z=0; VEL:-50.297, y=0, z=0
+1.58979e+10ns POS: x=210, y=150, z=0; VEL:0, y=0, z=0
+1.58979e+10ns POS: x=210, y=150, z=0; VEL:-50, y=0, z=0
+1.60916e+10ns POS: x=200.314, y=150, z=0; VEL:0, y=0, z=0
+1.60916e+10ns POS: x=200.314, y=150, z=0; VEL:-50.0516, y=0, z=0
+1.61915e+10ns POS: x=195.314, y=150, z=0; VEL:0, y=0, z=0
+1.61915e+10ns POS: x=195.314, y=150, z=0; VEL:-50, y=0, z=0
+1.62593e+10ns POS: x=190, y=50, z=0; VEL:0, y=0, z=0
+1.62593e+10ns POS: x=190, y=50, z=0; VEL:0, y=50.297, z=0
+1.62978e+10ns POS: x=190, y=150, z=0; VEL:0, y=0, z=0
+1.62978e+10ns POS: x=190, y=150, z=0; VEL:0, y=-50, z=0
+1.70545e+10ns POS: x=190, y=90, z=0; VEL:0, y=0, z=0
+1.70545e+10ns POS: x=190, y=90, z=0; VEL:50.297, y=0, z=0
+1.72666e+10ns POS: x=200.667, y=90, z=0; VEL:0, y=0, z=0
+1.72666e+10ns POS: x=200.667, y=90, z=0; VEL:50.161, y=0, z=0
+1.74527e+10ns POS: x=210, y=90, z=0; VEL:0, y=0, z=0
+1.74527e+10ns POS: x=210, y=90, z=0; VEL:0, y=50.161, z=0
+1.74978e+10ns POS: x=190, y=90, z=0; VEL:0, y=0, z=0
+1.74978e+10ns POS: x=190, y=90, z=0; VEL:50, y=0, z=0
+1.75657e+10ns POS: x=210, y=95.6672, z=0; VEL:0, y=0, z=0
+1.75657e+10ns POS: x=210, y=95.6672, z=0; VEL:0, y=50, z=0
+1.77657e+10ns POS: x=210, y=105.667, z=0; VEL:0, y=0, z=0
+1.77657e+10ns POS: x=210, y=105.667, z=0; VEL:0, y=50.0004, z=0
+1.78523e+10ns POS: x=210, y=110, z=0; VEL:0, y=0, z=0
+1.78523e+10ns POS: x=210, y=110, z=0; VEL:-50.0004, y=0, z=0
+1.78978e+10ns POS: x=210, y=90, z=0; VEL:0, y=0, z=0
+1.78978e+10ns POS: x=210, y=90, z=0; VEL:0, y=-50, z=0
+1.83915e+10ns POS: x=210, y=65.3142, z=0; VEL:0, y=0, z=0
+1.83915e+10ns POS: x=210, y=65.3142, z=0; VEL:0, y=-50, z=0
+1.84915e+10ns POS: x=210, y=60.3142, z=0; VEL:0, y=0, z=0
+1.84915e+10ns POS: x=210, y=60.3142, z=0; VEL:0, y=-50, z=0
+1.86978e+10ns POS: x=210, y=50, z=0; VEL:0, y=0, z=0
+1.86978e+10ns POS: x=210, y=50, z=0; VEL:-50, y=0, z=0
+1.88915e+10ns POS: x=200.314, y=50, z=0; VEL:0, y=0, z=0
+1.88915e+10ns POS: x=200.314, y=50, z=0; VEL:-50.0003, y=0, z=0
+1.90523e+10ns POS: x=150, y=110, z=0; VEL:0, y=0, z=0
+1.90523e+10ns POS: x=150, y=110, z=0; VEL:0, y=50.0004, z=0
+1.92915e+10ns POS: x=180.314, y=50, z=0; VEL:0, y=0, z=0
+1.92915e+10ns POS: x=180.314, y=50, z=0; VEL:-50, y=0, z=0
+1.94523e+10ns POS: x=150, y=130, z=0; VEL:0, y=0, z=0
+1.94523e+10ns POS: x=150, y=130, z=0; VEL:50.0004, y=0, z=0
+1.94978e+10ns POS: x=170, y=50, z=0; VEL:0, y=0, z=0
+1.94978e+10ns POS: x=170, y=50, z=0; VEL:0, y=-50, z=0
+1.98523e+10ns POS: x=170, y=130, z=0; VEL:0, y=0, z=0
+1.98523e+10ns POS: x=170, y=130, z=0; VEL:0, y=50.0004, z=0
+2.02523e+10ns POS: x=170, y=150, z=0; VEL:0, y=0, z=0
+2.02523e+10ns POS: x=170, y=150, z=0; VEL:50.0004, y=0, z=0
+2.02915e+10ns POS: x=170, y=10.3142, z=0; VEL:0, y=0, z=0
+2.02915e+10ns POS: x=170, y=10.3142, z=0; VEL:0, y=-50.0262, z=0
+2.02978e+10ns POS: x=170, y=10, z=0; VEL:0, y=0, z=0
+2.02978e+10ns POS: x=170, y=10, z=0; VEL:50.0262, y=0, z=0
+2.03656e+10ns POS: x=175.667, y=150, z=0; VEL:0, y=0, z=0
+2.03656e+10ns POS: x=175.667, y=150, z=0; VEL:50.0959, y=0, z=0
+2.05914e+10ns POS: x=184.686, y=10, z=0; VEL:0, y=0, z=0
+2.05914e+10ns POS: x=184.686, y=10, z=0; VEL:50, y=0, z=0
+2.06518e+10ns POS: x=190, y=150, z=0; VEL:0, y=0, z=0
+2.06518e+10ns POS: x=190, y=150, z=0; VEL:0, y=50.0959, z=0
+2.06976e+10ns POS: x=190, y=10, z=0; VEL:0, y=0, z=0
+2.06976e+10ns POS: x=190, y=10, z=0; VEL:0, y=50, z=0
+2.10976e+10ns POS: x=190, y=30, z=0; VEL:0, y=0, z=0
+2.10976e+10ns POS: x=190, y=30, z=0; VEL:50, y=0, z=0
+2.13637e+10ns POS: x=190, y=185.667, z=0; VEL:0, y=0, z=0
+2.13637e+10ns POS: x=190, y=185.667, z=0; VEL:0, y=50, z=0
+2.14504e+10ns POS: x=190, y=190, z=0; VEL:0, y=0, z=0
+2.14504e+10ns POS: x=190, y=190, z=0; VEL:50, y=0, z=0
+2.14637e+10ns POS: x=190.667, y=190, z=0; VEL:0, y=0, z=0
+2.14637e+10ns POS: x=190.667, y=190, z=0; VEL:50.1461, y=0, z=0
+2.14976e+10ns POS: x=210, y=30, z=0; VEL:0, y=0, z=0
+2.14976e+10ns POS: x=210, y=30, z=0; VEL:0, y=50, z=0
+2.18493e+10ns POS: x=210, y=190, z=0; VEL:0, y=0, z=0
+2.18493e+10ns POS: x=210, y=190, z=0; VEL:0, y=50.1461, z=0
+2.21914e+10ns POS: x=210, y=64.6858, z=0; VEL:0, y=0, z=0
+2.21914e+10ns POS: x=210, y=64.6858, z=0; VEL:0, y=50.0527, z=0
+2.22481e+10ns POS: x=210, y=210, z=0; VEL:0, y=0, z=0
+2.22481e+10ns POS: x=210, y=210, z=0; VEL:-50.1461, y=0, z=0
+2.22614e+10ns POS: x=209.333, y=210, z=0; VEL:0, y=0, z=0
+2.22614e+10ns POS: x=209.333, y=210, z=0; VEL:-50, y=0, z=0
+2.26614e+10ns POS: x=189.333, y=210, z=0; VEL:0, y=0, z=0
+2.26614e+10ns POS: x=189.333, y=210, z=0; VEL:-50.2765, y=0, z=0
+2.26971e+10ns POS: x=210, y=90, z=0; VEL:0, y=0, z=0
+2.26971e+10ns POS: x=210, y=90, z=0; VEL:-50.0527, y=0, z=0
+2.31587e+10ns POS: x=164.333, y=210, z=0; VEL:0, y=0, z=0
+2.31587e+10ns POS: x=164.333, y=210, z=0; VEL:-50.1351, y=0, z=0
+2.32902e+10ns POS: x=180.314, y=90, z=0; VEL:0, y=0, z=0
+2.32902e+10ns POS: x=180.314, y=90, z=0; VEL:-50.0395, y=0, z=0
+2.35576e+10ns POS: x=144.333, y=210, z=0; VEL:0, y=0, z=0
+2.35576e+10ns POS: x=144.333, y=210, z=0; VEL:-50, y=0, z=0
+2.36576e+10ns POS: x=139.333, y=210, z=0; VEL:0, y=0, z=0
+2.36576e+10ns POS: x=139.333, y=210, z=0; VEL:-50.1776, y=0, z=0
+2.38436e+10ns POS: x=130, y=210, z=0; VEL:0, y=0, z=0
+2.38436e+10ns POS: x=130, y=210, z=0; VEL:0, y=-50.1776, z=0
+2.3896e+10ns POS: x=150, y=90, z=0; VEL:0, y=0, z=0
+2.3896e+10ns POS: x=150, y=90, z=0; VEL:0, y=-50.0395, z=0
+2.41558e+10ns POS: x=130, y=194.333, z=0; VEL:0, y=0, z=0
+2.41558e+10ns POS: x=130, y=194.333, z=0; VEL:0, y=-50.0508, z=0
+2.42557e+10ns POS: x=130, y=189.333, z=0; VEL:0, y=0, z=0
+2.42557e+10ns POS: x=130, y=189.333, z=0; VEL:0, y=-50, z=0
+2.45557e+10ns POS: x=130, y=174.333, z=0; VEL:0, y=0, z=0
+2.45557e+10ns POS: x=130, y=174.333, z=0; VEL:0, y=-50.0057, z=0
+2.45892e+10ns POS: x=150, y=55.3142, z=0; VEL:0, y=0, z=0
+2.45892e+10ns POS: x=150, y=55.3142, z=0; VEL:0, y=-50.0885, z=0
+2.46423e+10ns POS: x=130, y=170, z=0; VEL:0, y=0, z=0
+2.46423e+10ns POS: x=130, y=170, z=0; VEL:50.0057, y=0, z=0
+2.48557e+10ns POS: x=140.667, y=170, z=0; VEL:0, y=0, z=0
+2.48557e+10ns POS: x=140.667, y=170, z=0; VEL:50, y=0, z=0
+2.50423e+10ns POS: x=150, y=170, z=0; VEL:0, y=0, z=0
+2.50423e+10ns POS: x=150, y=170, z=0; VEL:0, y=50, z=0
+2.50557e+10ns POS: x=150, y=170.667, z=0; VEL:0, y=0, z=0
+2.50557e+10ns POS: x=150, y=170.667, z=0; VEL:0, y=50.0824, z=0
+2.50883e+10ns POS: x=150, y=30.3142, z=0; VEL:0, y=0, z=0
+2.50883e+10ns POS: x=150, y=30.3142, z=0; VEL:0, y=-50.1638, z=0
+2.50945e+10ns POS: x=150, y=30, z=0; VEL:0, y=0, z=0
+2.50945e+10ns POS: x=150, y=30, z=0; VEL:50.1638, y=0, z=0
+2.54417e+10ns POS: x=150, y=190, z=0; VEL:0, y=0, z=0
+2.54417e+10ns POS: x=150, y=190, z=0; VEL:50.0824, y=0, z=0
+2.5487e+10ns POS: x=169.686, y=30, z=0; VEL:0, y=0, z=0
+2.5487e+10ns POS: x=169.686, y=30, z=0; VEL:50.0261, y=0, z=0
+2.59542e+10ns POS: x=175.667, y=190, z=0; VEL:0, y=0, z=0
+2.59542e+10ns POS: x=175.667, y=190, z=0; VEL:50, y=0, z=0
+2.62928e+10ns POS: x=210, y=30, z=0; VEL:0, y=0, z=0
+2.62928e+10ns POS: x=210, y=30, z=0; VEL:0, y=50.0261, z=0
+2.64865e+10ns POS: x=210, y=39.6858, z=0; VEL:0, y=0, z=0
+2.64865e+10ns POS: x=210, y=39.6858, z=0; VEL:0, y=50, z=0
+2.66408e+10ns POS: x=210, y=190, z=0; VEL:0, y=0, z=0
+2.66408e+10ns POS: x=210, y=190, z=0; VEL:0, y=50, z=0
+2.66542e+10ns POS: x=210, y=190.667, z=0; VEL:0, y=0, z=0
+2.66542e+10ns POS: x=210, y=190.667, z=0; VEL:0, y=50, z=0
+2.66865e+10ns POS: x=210, y=49.6858, z=0; VEL:0, y=0, z=0
+2.66865e+10ns POS: x=210, y=49.6858, z=0; VEL:0, y=50.272, z=0
+2.67859e+10ns POS: x=210, y=54.6858, z=0; VEL:0, y=0, z=0
+2.67859e+10ns POS: x=210, y=54.6858, z=0; VEL:0, y=50.0365, z=0
+2.70408e+10ns POS: x=210, y=210, z=0; VEL:0, y=0, z=0
+2.70408e+10ns POS: x=210, y=210, z=0; VEL:-50, y=0, z=0
+2.7092e+10ns POS: x=210, y=70, z=0; VEL:0, y=0, z=0
+2.7092e+10ns POS: x=210, y=70, z=0; VEL:-50.0365, y=0, z=0
+2.74917e+10ns POS: x=190, y=70, z=0; VEL:0, y=0, z=0
+2.74917e+10ns POS: x=190, y=70, z=0; VEL:0, y=50.0365, z=0
+2.77852e+10ns POS: x=190, y=84.6858, z=0; VEL:0, y=0, z=0
+2.77852e+10ns POS: x=190, y=84.6858, z=0; VEL:0, y=50, z=0
+2.78915e+10ns POS: x=190, y=90, z=0; VEL:0, y=0, z=0
+2.78915e+10ns POS: x=190, y=90, z=0; VEL:50, y=0, z=0
+2.81852e+10ns POS: x=204.686, y=90, z=0; VEL:0, y=0, z=0
+2.81852e+10ns POS: x=204.686, y=90, z=0; VEL:50, y=0, z=0
+2.82408e+10ns POS: x=150, y=210, z=0; VEL:0, y=0, z=0
+2.82408e+10ns POS: x=150, y=210, z=0; VEL:0, y=-50, z=0
+2.82915e+10ns POS: x=210, y=90, z=0; VEL:0, y=0, z=0
+2.82915e+10ns POS: x=210, y=90, z=0; VEL:0, y=-50, z=0
+2.83542e+10ns POS: x=150, y=204.333, z=0; VEL:0, y=0, z=0
+2.83542e+10ns POS: x=150, y=204.333, z=0; VEL:0, y=-50, z=0
+2.86408e+10ns POS: x=150, y=190, z=0; VEL:0, y=0, z=0
+2.86408e+10ns POS: x=150, y=190, z=0; VEL:50, y=0, z=0
+2.88852e+10ns POS: x=210, y=60.3142, z=0; VEL:0, y=0, z=0
+2.88852e+10ns POS: x=210, y=60.3142, z=0; VEL:0, y=-50, z=0
+2.90408e+10ns POS: x=170, y=190, z=0; VEL:0, y=0, z=0
+2.90408e+10ns POS: x=170, y=190, z=0; VEL:0, y=50, z=0
+2.90915e+10ns POS: x=210, y=50, z=0; VEL:0, y=0, z=0
+2.90915e+10ns POS: x=210, y=50, z=0; VEL:-50, y=0, z=0
+2.93852e+10ns POS: x=195.314, y=50, z=0; VEL:0, y=0, z=0
+2.93852e+10ns POS: x=195.314, y=50, z=0; VEL:-50, y=0, z=0
+2.94408e+10ns POS: x=170, y=210, z=0; VEL:0, y=0, z=0
+2.94408e+10ns POS: x=170, y=210, z=0; VEL:50, y=0, z=0
+2.94852e+10ns POS: x=190.314, y=50, z=0; VEL:0, y=0, z=0
+2.94852e+10ns POS: x=190.314, y=50, z=0; VEL:-50.5972, y=0, z=0
+2.94914e+10ns POS: x=190, y=50, z=0; VEL:0, y=0, z=0
+2.94914e+10ns POS: x=190, y=50, z=0; VEL:0, y=50.5972, z=0
+2.9584e+10ns POS: x=190, y=54.6858, z=0; VEL:0, y=0, z=0
+2.9584e+10ns POS: x=190, y=54.6858, z=0; VEL:0, y=50.041, z=0
+2.97542e+10ns POS: x=185.667, y=210, z=0; VEL:0, y=0, z=0
+2.97542e+10ns POS: x=185.667, y=210, z=0; VEL:50.0064, y=0, z=0
+3.01541e+10ns POS: x=205.667, y=210, z=0; VEL:0, y=0, z=0
+3.01541e+10ns POS: x=205.667, y=210, z=0; VEL:50, y=0, z=0
+3.02408e+10ns POS: x=210, y=210, z=0; VEL:0, y=0, z=0
+3.02408e+10ns POS: x=210, y=210, z=0; VEL:0, y=-50, z=0
+3.02834e+10ns POS: x=190, y=89.6858, z=0; VEL:0, y=0, z=0
+3.02834e+10ns POS: x=190, y=89.6858, z=0; VEL:0, y=50, z=0
+3.05541e+10ns POS: x=210, y=194.333, z=0; VEL:0, y=0, z=0
+3.05541e+10ns POS: x=210, y=194.333, z=0; VEL:0, y=-50.2218, z=0
+3.06537e+10ns POS: x=210, y=189.333, z=0; VEL:0, y=0, z=0
+3.06537e+10ns POS: x=210, y=189.333, z=0; VEL:0, y=-50.1019, z=0
+3.07834e+10ns POS: x=190, y=114.686, z=0; VEL:0, y=0, z=0
+3.07834e+10ns POS: x=190, y=114.686, z=0; VEL:0, y=50, z=0
+3.09531e+10ns POS: x=210, y=174.333, z=0; VEL:0, y=0, z=0
+3.09531e+10ns POS: x=210, y=174.333, z=0; VEL:0, y=-50, z=0
+3.10397e+10ns POS: x=210, y=170, z=0; VEL:0, y=0, z=0
+3.10397e+10ns POS: x=210, y=170, z=0; VEL:-50, y=0, z=0
+3.13834e+10ns POS: x=190, y=144.686, z=0; VEL:0, y=0, z=0
+3.13834e+10ns POS: x=190, y=144.686, z=0; VEL:0, y=50, z=0
+3.14397e+10ns POS: x=190, y=170, z=0; VEL:0, y=0, z=0
+3.14397e+10ns POS: x=190, y=170, z=0; VEL:0, y=50, z=0
+3.14834e+10ns POS: x=190, y=149.686, z=0; VEL:0, y=0, z=0
+3.14834e+10ns POS: x=190, y=149.686, z=0; VEL:0, y=50, z=0
+3.14897e+10ns POS: x=190, y=150, z=0; VEL:0, y=0, z=0
+3.14897e+10ns POS: x=190, y=150, z=0; VEL:50, y=0, z=0
+3.15531e+10ns POS: x=190, y=175.667, z=0; VEL:0, y=0, z=0
+3.15531e+10ns POS: x=190, y=175.667, z=0; VEL:0, y=50.1055, z=0
+3.17834e+10ns POS: x=204.686, y=150, z=0; VEL:0, y=0, z=0
+3.17834e+10ns POS: x=204.686, y=150, z=0; VEL:50, y=0, z=0
+3.18391e+10ns POS: x=190, y=190, z=0; VEL:0, y=0, z=0
+3.18391e+10ns POS: x=190, y=190, z=0; VEL:50.1055, y=0, z=0
+3.18897e+10ns POS: x=210, y=150, z=0; VEL:0, y=0, z=0
+3.18897e+10ns POS: x=210, y=150, z=0; VEL:0, y=50, z=0
+3.19834e+10ns POS: x=210, y=154.686, z=0; VEL:0, y=0, z=0
+3.19834e+10ns POS: x=210, y=154.686, z=0; VEL:0, y=50, z=0
+3.22383e+10ns POS: x=210, y=190, z=0; VEL:0, y=0, z=0
+3.22383e+10ns POS: x=210, y=190, z=0; VEL:0, y=50.1055, z=0
+3.22516e+10ns POS: x=210, y=190.667, z=0; VEL:0, y=0, z=0
+3.22516e+10ns POS: x=210, y=190.667, z=0; VEL:0, y=50, z=0
+3.22897e+10ns POS: x=210, y=170, z=0; VEL:0, y=0, z=0
+3.22897e+10ns POS: x=210, y=170, z=0; VEL:-50, y=0, z=0
+3.23516e+10ns POS: x=210, y=195.667, z=0; VEL:0, y=0, z=0
+3.23516e+10ns POS: x=210, y=195.667, z=0; VEL:0, y=50, z=0
+3.26383e+10ns POS: x=210, y=210, z=0; VEL:0, y=0, z=0
+3.26383e+10ns POS: x=210, y=210, z=0; VEL:-50, y=0, z=0
+3.26834e+10ns POS: x=190.314, y=170, z=0; VEL:0, y=0, z=0
+3.26834e+10ns POS: x=190.314, y=170, z=0; VEL:-50, y=0, z=0
+3.27516e+10ns POS: x=204.333, y=210, z=0; VEL:0, y=0, z=0
+3.27516e+10ns POS: x=204.333, y=210, z=0; VEL:-50.0815, y=0, z=0
+3.30378e+10ns POS: x=190, y=210, z=0; VEL:0, y=0, z=0
+3.30378e+10ns POS: x=190, y=210, z=0; VEL:0, y=-50.0815, z=0
+3.32834e+10ns POS: x=160.314, y=170, z=0; VEL:0, y=0, z=0
+3.32834e+10ns POS: x=160.314, y=170, z=0; VEL:-50, y=0, z=0
+3.33506e+10ns POS: x=190, y=194.333, z=0; VEL:0, y=0, z=0
+3.33506e+10ns POS: x=190, y=194.333, z=0; VEL:0, y=-50.0901, z=0
+3.34371e+10ns POS: x=190, y=190, z=0; VEL:0, y=0, z=0
+3.34371e+10ns POS: x=190, y=190, z=0; VEL:50.0901, y=0, z=0
+3.34897e+10ns POS: x=150, y=170, z=0; VEL:0, y=0, z=0
+3.34897e+10ns POS: x=150, y=170, z=0; VEL:0, y=-50, z=0
+3.37499e+10ns POS: x=205.667, y=190, z=0; VEL:0, y=0, z=0
+3.37499e+10ns POS: x=205.667, y=190, z=0; VEL:50, y=0, z=0
+3.38366e+10ns POS: x=210, y=190, z=0; VEL:0, y=0, z=0
+3.38366e+10ns POS: x=210, y=190, z=0; VEL:0, y=-50, z=0
+3.42834e+10ns POS: x=150, y=130.314, z=0; VEL:0, y=0, z=0
+3.42834e+10ns POS: x=150, y=130.314, z=0; VEL:0, y=-50.1105, z=0
+3.43832e+10ns POS: x=150, y=125.314, z=0; VEL:0, y=0, z=0
+3.43832e+10ns POS: x=150, y=125.314, z=0; VEL:0, y=-50, z=0
+3.45499e+10ns POS: x=210, y=154.333, z=0; VEL:0, y=0, z=0
+3.45499e+10ns POS: x=210, y=154.333, z=0; VEL:0, y=-50.2027, z=0
+3.46362e+10ns POS: x=210, y=150, z=0; VEL:0, y=0, z=0
+3.46362e+10ns POS: x=210, y=150, z=0; VEL:-50.2027, y=0, z=0
+3.48487e+10ns POS: x=199.333, y=150, z=0; VEL:0, y=0, z=0
+3.48487e+10ns POS: x=199.333, y=150, z=0; VEL:-50.1163, y=0, z=0
+3.50349e+10ns POS: x=190, y=150, z=0; VEL:0, y=0, z=0
+3.50349e+10ns POS: x=190, y=150, z=0; VEL:0, y=50.1163, z=0
+3.50895e+10ns POS: x=150, y=90, z=0; VEL:0, y=0, z=0
+3.50895e+10ns POS: x=150, y=90, z=0; VEL:50, y=0, z=0
+3.52478e+10ns POS: x=190, y=160.667, z=0; VEL:0, y=0, z=0
+3.52478e+10ns POS: x=190, y=160.667, z=0; VEL:0, y=50, z=0
+3.54895e+10ns POS: x=170, y=90, z=0; VEL:0, y=0, z=0
+3.54895e+10ns POS: x=170, y=90, z=0; VEL:0, y=-50, z=0
+3.60478e+10ns POS: x=190, y=200.667, z=0; VEL:0, y=0, z=0
+3.60478e+10ns POS: x=190, y=200.667, z=0; VEL:0, y=50, z=0
+3.62344e+10ns POS: x=190, y=210, z=0; VEL:0, y=0, z=0
+3.62344e+10ns POS: x=190, y=210, z=0; VEL:50, y=0, z=0
+3.63832e+10ns POS: x=170, y=45.3142, z=0; VEL:0, y=0, z=0
+3.63832e+10ns POS: x=170, y=45.3142, z=0; VEL:0, y=-50, z=0
+3.65832e+10ns POS: x=170, y=35.3142, z=0; VEL:0, y=0, z=0
+3.65832e+10ns POS: x=170, y=35.3142, z=0; VEL:0, y=-50.1641, z=0
+3.66344e+10ns POS: x=210, y=210, z=0; VEL:0, y=0, z=0
+3.66344e+10ns POS: x=210, y=210, z=0; VEL:0, y=-50, z=0
+3.66891e+10ns POS: x=170, y=30, z=0; VEL:0, y=0, z=0
+3.66891e+10ns POS: x=170, y=30, z=0; VEL:50.1641, y=0, z=0
+3.67826e+10ns POS: x=174.686, y=30, z=0; VEL:0, y=0, z=0
+3.67826e+10ns POS: x=174.686, y=30, z=0; VEL:50.3531, y=0, z=0
+3.68819e+10ns POS: x=179.686, y=30, z=0; VEL:0, y=0, z=0
+3.68819e+10ns POS: x=179.686, y=30, z=0; VEL:50.2327, y=0, z=0
+3.73478e+10ns POS: x=210, y=174.333, z=0; VEL:0, y=0, z=0
+3.73478e+10ns POS: x=210, y=174.333, z=0; VEL:0, y=-50.1709, z=0
+3.74474e+10ns POS: x=210, y=169.333, z=0; VEL:0, y=0, z=0
+3.74474e+10ns POS: x=210, y=169.333, z=0; VEL:0, y=-50.1953, z=0
+3.74791e+10ns POS: x=209.686, y=30, z=0; VEL:0, y=0, z=0
+3.74791e+10ns POS: x=209.686, y=30, z=0; VEL:50.1916, y=0, z=0
+3.74853e+10ns POS: x=210, y=30, z=0; VEL:0, y=0, z=0
+3.74853e+10ns POS: x=210, y=30, z=0; VEL:0, y=50.1916, z=0
+3.77463e+10ns POS: x=210, y=154.333, z=0; VEL:0, y=0, z=0
+3.77463e+10ns POS: x=210, y=154.333, z=0; VEL:0, y=-50.1539, z=0
+3.78327e+10ns POS: x=210, y=150, z=0; VEL:0, y=0, z=0
+3.78327e+10ns POS: x=210, y=150, z=0; VEL:-50.1539, y=0, z=0
+3.8145e+10ns POS: x=194.333, y=150, z=0; VEL:0, y=0, z=0
+3.8145e+10ns POS: x=194.333, y=150, z=0; VEL:-50, y=0, z=0
+3.82317e+10ns POS: x=190, y=150, z=0; VEL:0, y=0, z=0
+3.82317e+10ns POS: x=190, y=150, z=0; VEL:0, y=-50, z=0
+3.82823e+10ns POS: x=210, y=70, z=0; VEL:0, y=0, z=0
+3.82823e+10ns POS: x=210, y=70, z=0; VEL:-50.1916, y=0, z=0
+3.83756e+10ns POS: x=205.314, y=70, z=0; VEL:0, y=0, z=0
+3.83756e+10ns POS: x=205.314, y=70, z=0; VEL:-50.0546, y=0, z=0
+3.86753e+10ns POS: x=190.314, y=70, z=0; VEL:0, y=0, z=0
+3.86753e+10ns POS: x=190.314, y=70, z=0; VEL:-50.0905, y=0, z=0
+3.86816e+10ns POS: x=190, y=70, z=0; VEL:0, y=0, z=0
+3.86816e+10ns POS: x=190, y=70, z=0; VEL:0, y=50.0905, z=0
+3.8845e+10ns POS: x=190, y=119.333, z=0; VEL:0, y=0, z=0
+3.8845e+10ns POS: x=190, y=119.333, z=0; VEL:0, y=-50.0445, z=0
+3.89449e+10ns POS: x=190, y=114.333, z=0; VEL:0, y=0, z=0
+3.89449e+10ns POS: x=190, y=114.333, z=0; VEL:0, y=-50.0365, z=0
+3.90315e+10ns POS: x=190, y=110, z=0; VEL:0, y=0, z=0
+3.90315e+10ns POS: x=190, y=110, z=0; VEL:50.0365, y=0, z=0
+3.90809e+10ns POS: x=190, y=90, z=0; VEL:0, y=0, z=0
+3.90809e+10ns POS: x=190, y=90, z=0; VEL:50.0905, y=0, z=0
+3.91448e+10ns POS: x=195.667, y=110, z=0; VEL:0, y=0, z=0
+3.91448e+10ns POS: x=195.667, y=110, z=0; VEL:50.5953, y=0, z=0
+3.91744e+10ns POS: x=194.686, y=90, z=0; VEL:0, y=0, z=0
+3.91744e+10ns POS: x=194.686, y=90, z=0; VEL:50.0108, y=0, z=0
+3.94281e+10ns POS: x=210, y=110, z=0; VEL:0, y=0, z=0
+3.94281e+10ns POS: x=210, y=110, z=0; VEL:0, y=50.5953, z=0
+3.94806e+10ns POS: x=210, y=90, z=0; VEL:0, y=0, z=0
+3.94806e+10ns POS: x=210, y=90, z=0; VEL:0, y=50.0108, z=0
+3.97743e+10ns POS: x=210, y=104.686, z=0; VEL:0, y=0, z=0
+3.97743e+10ns POS: x=210, y=104.686, z=0; VEL:0, y=50.1662, z=0
+3.98234e+10ns POS: x=210, y=130, z=0; VEL:0, y=0, z=0
+3.98234e+10ns POS: x=210, y=130, z=0; VEL:-50.5953, y=0, z=0
+3.99354e+10ns POS: x=204.333, y=130, z=0; VEL:0, y=0, z=0
+3.99354e+10ns POS: x=204.333, y=130, z=0; VEL:-50, y=0, z=0
+4.00733e+10ns POS: x=210, y=119.686, z=0; VEL:0, y=0, z=0
+4.00733e+10ns POS: x=210, y=119.686, z=0; VEL:0, y=50.0006, z=0
+4.0222e+10ns POS: x=190, y=130, z=0; VEL:0, y=0, z=0
+4.0222e+10ns POS: x=190, y=130, z=0; VEL:0, y=-50, z=0
+4.02354e+10ns POS: x=190, y=129.333, z=0; VEL:0, y=0, z=0
+4.02354e+10ns POS: x=190, y=129.333, z=0; VEL:0, y=-50, z=0
+4.02733e+10ns POS: x=210, y=129.686, z=0; VEL:0, y=0, z=0
+4.02733e+10ns POS: x=210, y=129.686, z=0; VEL:0, y=50, z=0
+4.02796e+10ns POS: x=210, y=130, z=0; VEL:0, y=0, z=0
+4.02796e+10ns POS: x=210, y=130, z=0; VEL:-50, y=0, z=0
+4.04354e+10ns POS: x=190, y=119.333, z=0; VEL:0, y=0, z=0
+4.04354e+10ns POS: x=190, y=119.333, z=0; VEL:0, y=-50.1431, z=0
+4.04733e+10ns POS: x=200.314, y=130, z=0; VEL:0, y=0, z=0
+4.04733e+10ns POS: x=200.314, y=130, z=0; VEL:-50, y=0, z=0
+4.05733e+10ns POS: x=195.314, y=130, z=0; VEL:0, y=0, z=0
+4.05733e+10ns POS: x=195.314, y=130, z=0; VEL:-50, y=0, z=0
+4.06215e+10ns POS: x=190, y=110, z=0; VEL:0, y=0, z=0
+4.06215e+10ns POS: x=190, y=110, z=0; VEL:50.1431, y=0, z=0
+4.06796e+10ns POS: x=190, y=130, z=0; VEL:0, y=0, z=0
+4.06796e+10ns POS: x=190, y=130, z=0; VEL:0, y=50, z=0
+4.08733e+10ns POS: x=190, y=139.686, z=0; VEL:0, y=0, z=0
+4.08733e+10ns POS: x=190, y=139.686, z=0; VEL:0, y=50.1298, z=0
+4.10204e+10ns POS: x=210, y=110, z=0; VEL:0, y=0, z=0
+4.10204e+10ns POS: x=210, y=110, z=0; VEL:0, y=50.1431, z=0
+4.10337e+10ns POS: x=210, y=110.667, z=0; VEL:0, y=0, z=0
+4.10337e+10ns POS: x=210, y=110.667, z=0; VEL:0, y=50.0265, z=0
+4.12336e+10ns POS: x=210, y=120.667, z=0; VEL:0, y=0, z=0
+4.12336e+10ns POS: x=210, y=120.667, z=0; VEL:0, y=50.1113, z=0
+4.1372e+10ns POS: x=190, y=164.686, z=0; VEL:0, y=0, z=0
+4.1372e+10ns POS: x=190, y=164.686, z=0; VEL:0, y=50, z=0
+4.14783e+10ns POS: x=190, y=170, z=0; VEL:0, y=0, z=0
+4.14783e+10ns POS: x=190, y=170, z=0; VEL:50, y=0, z=0
+4.1572e+10ns POS: x=194.686, y=170, z=0; VEL:0, y=0, z=0
+4.1572e+10ns POS: x=194.686, y=170, z=0; VEL:50.2216, y=0, z=0
+4.18322e+10ns POS: x=210, y=150.667, z=0; VEL:0, y=0, z=0
+4.18322e+10ns POS: x=210, y=150.667, z=0; VEL:0, y=50.1007, z=0
+4.18769e+10ns POS: x=210, y=170, z=0; VEL:0, y=0, z=0
+4.18769e+10ns POS: x=210, y=170, z=0; VEL:0, y=-50.2216, z=0
+4.21316e+10ns POS: x=210, y=165.667, z=0; VEL:0, y=0, z=0
+4.21316e+10ns POS: x=210, y=165.667, z=0; VEL:0, y=50, z=0
+4.22183e+10ns POS: x=210, y=170, z=0; VEL:0, y=0, z=0
+4.22183e+10ns POS: x=210, y=170, z=0; VEL:-50, y=0, z=0
+4.25316e+10ns POS: x=194.333, y=170, z=0; VEL:0, y=0, z=0
+4.25316e+10ns POS: x=194.333, y=170, z=0; VEL:-50.094, y=0, z=0
+4.26181e+10ns POS: x=190, y=170, z=0; VEL:0, y=0, z=0
+4.26181e+10ns POS: x=190, y=170, z=0; VEL:0, y=-50.094, z=0
+4.30174e+10ns POS: x=190, y=150, z=0; VEL:0, y=0, z=0
+4.30174e+10ns POS: x=190, y=150, z=0; VEL:50.094, y=0, z=0
+4.30654e+10ns POS: x=210, y=110.314, z=0; VEL:0, y=0, z=0
+4.30654e+10ns POS: x=210, y=110.314, z=0; VEL:0, y=-50, z=0
+4.30717e+10ns POS: x=210, y=110, z=0; VEL:0, y=0, z=0
+4.30717e+10ns POS: x=210, y=110, z=0; VEL:-50, y=0, z=0
+4.31654e+10ns POS: x=205.314, y=110, z=0; VEL:0, y=0, z=0
+4.31654e+10ns POS: x=205.314, y=110, z=0; VEL:-50.1127, y=0, z=0
+4.34166e+10ns POS: x=210, y=150, z=0; VEL:0, y=0, z=0
+4.34166e+10ns POS: x=210, y=150, z=0; VEL:0, y=50.094, z=0
+4.3471e+10ns POS: x=190, y=110, z=0; VEL:0, y=0, z=0
+4.3471e+10ns POS: x=190, y=110, z=0; VEL:0, y=50.1127, z=0
+4.35298e+10ns POS: x=210, y=155.667, z=0; VEL:0, y=0, z=0
+4.35298e+10ns POS: x=210, y=155.667, z=0; VEL:0, y=50, z=0
+4.35645e+10ns POS: x=190, y=114.686, z=0; VEL:0, y=0, z=0
+4.35645e+10ns POS: x=190, y=114.686, z=0; VEL:0, y=50, z=0
+4.37298e+10ns POS: x=210, y=165.667, z=0; VEL:0, y=0, z=0
+4.37298e+10ns POS: x=210, y=165.667, z=0; VEL:0, y=50.0737, z=0
+4.38163e+10ns POS: x=210, y=170, z=0; VEL:0, y=0, z=0
+4.38163e+10ns POS: x=210, y=170, z=0; VEL:-50.0737, y=0, z=0
+4.43645e+10ns POS: x=190, y=154.686, z=0; VEL:0, y=0, z=0
+4.43645e+10ns POS: x=190, y=154.686, z=0; VEL:0, y=50, z=0
+4.45286e+10ns POS: x=174.333, y=170, z=0; VEL:0, y=0, z=0
+4.45286e+10ns POS: x=174.333, y=170, z=0; VEL:-50.016, y=0, z=0
+4.45645e+10ns POS: x=190, y=164.686, z=0; VEL:0, y=0, z=0
+4.45645e+10ns POS: x=190, y=164.686, z=0; VEL:0, y=50, z=0
+4.46152e+10ns POS: x=170, y=170, z=0; VEL:0, y=0, z=0
+4.46152e+10ns POS: x=170, y=170, z=0; VEL:0, y=50.016, z=0
+4.46286e+10ns POS: x=170, y=170.667, z=0; VEL:0, y=0, z=0
+4.46286e+10ns POS: x=170, y=170.667, z=0; VEL:0, y=50.239, z=0
+4.46708e+10ns POS: x=190, y=170, z=0; VEL:0, y=0, z=0
+4.46708e+10ns POS: x=190, y=170, z=0; VEL:50, y=0, z=0
+4.48276e+10ns POS: x=170, y=180.667, z=0; VEL:0, y=0, z=0
+4.48276e+10ns POS: x=170, y=180.667, z=0; VEL:0, y=50.1554, z=0
+4.50137e+10ns POS: x=170, y=190, z=0; VEL:0, y=0, z=0
+4.50137e+10ns POS: x=170, y=190, z=0; VEL:50.1554, y=0, z=0
+4.50708e+10ns POS: x=210, y=170, z=0; VEL:0, y=0, z=0
+4.50708e+10ns POS: x=210, y=170, z=0; VEL:0, y=50, z=0
+4.52264e+10ns POS: x=180.667, y=190, z=0; VEL:0, y=0, z=0
+4.52264e+10ns POS: x=180.667, y=190, z=0; VEL:50.2154, y=0, z=0
+4.52645e+10ns POS: x=210, y=179.686, z=0; VEL:0, y=0, z=0
+4.52645e+10ns POS: x=210, y=179.686, z=0; VEL:0, y=50.0811, z=0
+4.53259e+10ns POS: x=185.667, y=190, z=0; VEL:0, y=0, z=0
+4.53259e+10ns POS: x=185.667, y=190, z=0; VEL:50.1973, y=0, z=0
+4.54122e+10ns POS: x=190, y=190, z=0; VEL:0, y=0, z=0
+4.54122e+10ns POS: x=190, y=190, z=0; VEL:0, y=-50.1973, z=0
+4.55251e+10ns POS: x=190, y=184.333, z=0; VEL:0, y=0, z=0
+4.55251e+10ns POS: x=190, y=184.333, z=0; VEL:0, y=-50, z=0
+4.56251e+10ns POS: x=190, y=179.333, z=0; VEL:0, y=0, z=0
+4.56251e+10ns POS: x=190, y=179.333, z=0; VEL:0, y=-50.039, z=0
+4.58117e+10ns POS: x=190, y=170, z=0; VEL:0, y=0, z=0
+4.58117e+10ns POS: x=190, y=170, z=0; VEL:50.039, y=0, z=0
+4.58698e+10ns POS: x=210, y=210, z=0; VEL:0, y=0, z=0
+4.58698e+10ns POS: x=210, y=210, z=0; VEL:-50.0811, y=0, z=0
+4.59249e+10ns POS: x=195.667, y=170, z=0; VEL:0, y=0, z=0
+4.59249e+10ns POS: x=195.667, y=170, z=0; VEL:50, y=0, z=0
+4.62116e+10ns POS: x=210, y=170, z=0; VEL:0, y=0, z=0
+4.62116e+10ns POS: x=210, y=170, z=0; VEL:0, y=50, z=0
+4.62691e+10ns POS: x=190, y=210, z=0; VEL:0, y=0, z=0
+4.62691e+10ns POS: x=190, y=210, z=0; VEL:0, y=-50.0811, z=0
+4.64249e+10ns POS: x=210, y=180.667, z=0; VEL:0, y=0, z=0
+4.64249e+10ns POS: x=210, y=180.667, z=0; VEL:0, y=50.1532, z=0
+4.64625e+10ns POS: x=190, y=200.314, z=0; VEL:0, y=0, z=0
+4.64625e+10ns POS: x=190, y=200.314, z=0; VEL:0, y=-50, z=0
+4.65246e+10ns POS: x=210, y=185.667, z=0; VEL:0, y=0, z=0
+4.65246e+10ns POS: x=210, y=185.667, z=0; VEL:0, y=50, z=0
+4.66688e+10ns POS: x=190, y=190, z=0; VEL:0, y=0, z=0
+4.66688e+10ns POS: x=190, y=190, z=0; VEL:50, y=0, z=0
+4.67246e+10ns POS: x=210, y=195.667, z=0; VEL:0, y=0, z=0
+4.67246e+10ns POS: x=210, y=195.667, z=0; VEL:0, y=50.0829, z=0
+4.67625e+10ns POS: x=194.686, y=190, z=0; VEL:0, y=0, z=0
+4.67625e+10ns POS: x=194.686, y=190, z=0; VEL:50, y=0, z=0
+4.68625e+10ns POS: x=199.686, y=190, z=0; VEL:0, y=0, z=0
+4.68625e+10ns POS: x=199.686, y=190, z=0; VEL:50, y=0, z=0
+4.70108e+10ns POS: x=210, y=210, z=0; VEL:0, y=0, z=0
+4.70108e+10ns POS: x=210, y=210, z=0; VEL:-50.0829, y=0, z=0
+4.70688e+10ns POS: x=210, y=190, z=0; VEL:0, y=0, z=0
+4.70688e+10ns POS: x=210, y=190, z=0; VEL:0, y=-50, z=0
+4.74234e+10ns POS: x=189.333, y=210, z=0; VEL:0, y=0, z=0
+4.74234e+10ns POS: x=189.333, y=210, z=0; VEL:-50.0661, y=0, z=0
+4.74688e+10ns POS: x=210, y=170, z=0; VEL:0, y=0, z=0
+4.74688e+10ns POS: x=210, y=170, z=0; VEL:-50, y=0, z=0
+4.86085e+10ns POS: x=130, y=210, z=0; VEL:0, y=0, z=0
+4.86085e+10ns POS: x=130, y=210, z=0; VEL:0, y=-50.0661, z=0
+4.86688e+10ns POS: x=150, y=170, z=0; VEL:0, y=0, z=0
+4.86688e+10ns POS: x=150, y=170, z=0; VEL:0, y=50, z=0
+4.87217e+10ns POS: x=130, y=204.333, z=0; VEL:0, y=0, z=0
+4.87217e+10ns POS: x=130, y=204.333, z=0; VEL:0, y=-50, z=0
+4.87625e+10ns POS: x=150, y=174.686, z=0; VEL:0, y=0, z=0
+4.87625e+10ns POS: x=150, y=174.686, z=0; VEL:0, y=50, z=0
+4.90625e+10ns POS: x=150, y=189.686, z=0; VEL:0, y=0, z=0
+4.90625e+10ns POS: x=150, y=189.686, z=0; VEL:0, y=50.2485, z=0
+4.91217e+10ns POS: x=130, y=184.333, z=0; VEL:0, y=0, z=0
+4.91217e+10ns POS: x=130, y=184.333, z=0; VEL:0, y=-50.1445, z=0
+4.94076e+10ns POS: x=130, y=170, z=0; VEL:0, y=0, z=0
+4.94076e+10ns POS: x=130, y=170, z=0; VEL:50.1445, y=0, z=0
+4.94668e+10ns POS: x=150, y=210, z=0; VEL:0, y=0, z=0
+4.94668e+10ns POS: x=150, y=210, z=0; VEL:50.2485, y=0, z=0
+4.95601e+10ns POS: x=154.686, y=210, z=0; VEL:0, y=0, z=0
+4.95601e+10ns POS: x=154.686, y=210, z=0; VEL:50.1163, y=0, z=0
+4.98064e+10ns POS: x=150, y=170, z=0; VEL:0, y=0, z=0
+4.98064e+10ns POS: x=150, y=170, z=0; VEL:0, y=50.1445, z=0
+4.99194e+10ns POS: x=150, y=175.667, z=0; VEL:0, y=0, z=0
+4.99194e+10ns POS: x=150, y=175.667, z=0; VEL:0, y=50.0168, z=0
+5.00194e+10ns POS: x=150, y=180.667, z=0; VEL:0, y=0, z=0
+5.00194e+10ns POS: x=150, y=180.667, z=0; VEL:0, y=50, z=0
+5.02647e+10ns POS: x=190, y=210, z=0; VEL:0, y=0, z=0
+5.02647e+10ns POS: x=190, y=210, z=0; VEL:0, y=-50.1163, z=0
+5.0606e+10ns POS: x=150, y=210, z=0; VEL:0, y=0, z=0
+5.0606e+10ns POS: x=150, y=210, z=0; VEL:50, y=0, z=0
+5.07194e+10ns POS: x=155.667, y=210, z=0; VEL:0, y=0, z=0
+5.07194e+10ns POS: x=155.667, y=210, z=0; VEL:50, y=0, z=0
+5.1006e+10ns POS: x=170, y=210, z=0; VEL:0, y=0, z=0
+5.1006e+10ns POS: x=170, y=210, z=0; VEL:0, y=-50, z=0
+5.10628e+10ns POS: x=190, y=170, z=0; VEL:0, y=0, z=0
+5.10628e+10ns POS: x=190, y=170, z=0; VEL:50.1163, y=0, z=0
+5.14619e+10ns POS: x=210, y=170, z=0; VEL:0, y=0, z=0
+5.14619e+10ns POS: x=210, y=170, z=0; VEL:0, y=-50.1163, z=0
+5.15554e+10ns POS: x=210, y=165.314, z=0; VEL:0, y=0, z=0
+5.15554e+10ns POS: x=210, y=165.314, z=0; VEL:0, y=-50.3702, z=0
+5.20194e+10ns POS: x=170, y=159.333, z=0; VEL:0, y=0, z=0
+5.20194e+10ns POS: x=170, y=159.333, z=0; VEL:0, y=-50.031, z=0
+5.22565e+10ns POS: x=210, y=130, z=0; VEL:0, y=0, z=0
+5.22565e+10ns POS: x=210, y=130, z=0; VEL:-50.3702, y=0, z=0
+5.26057e+10ns POS: x=170, y=130, z=0; VEL:0, y=0, z=0
+5.26057e+10ns POS: x=170, y=130, z=0; VEL:50.031, y=0, z=0
+5.26473e+10ns POS: x=190.314, y=130, z=0; VEL:0, y=0, z=0
+5.26473e+10ns POS: x=190.314, y=130, z=0; VEL:-50.0798, y=0, z=0
+5.27472e+10ns POS: x=185.314, y=130, z=0; VEL:0, y=0, z=0
+5.27472e+10ns POS: x=185.314, y=130, z=0; VEL:-50, y=0, z=0
+5.28189e+10ns POS: x=180.667, y=130, z=0; VEL:0, y=0, z=0
+5.28189e+10ns POS: x=180.667, y=130, z=0; VEL:50.2124, y=0, z=0
+5.30048e+10ns POS: x=190, y=130, z=0; VEL:0, y=0, z=0
+5.30048e+10ns POS: x=190, y=130, z=0; VEL:0, y=50.2124, z=0
+5.34031e+10ns POS: x=190, y=150, z=0; VEL:0, y=0, z=0
+5.34031e+10ns POS: x=190, y=150, z=0; VEL:50.2124, y=0, z=0
+5.34535e+10ns POS: x=150, y=130, z=0; VEL:0, y=0, z=0
+5.34535e+10ns POS: x=150, y=130, z=0; VEL:0, y=-50, z=0
+5.37151e+10ns POS: x=205.667, y=150, z=0; VEL:0, y=0, z=0
+5.37151e+10ns POS: x=205.667, y=150, z=0; VEL:50, y=0, z=0
+5.37472e+10ns POS: x=150, y=115.314, z=0; VEL:0, y=0, z=0
+5.37472e+10ns POS: x=150, y=115.314, z=0; VEL:0, y=-50, z=0
+5.38017e+10ns POS: x=210, y=150, z=0; VEL:0, y=0, z=0
+5.38017e+10ns POS: x=210, y=150, z=0; VEL:0, y=50, z=0
+5.40472e+10ns POS: x=150, y=100.314, z=0; VEL:0, y=0, z=0
+5.40472e+10ns POS: x=150, y=100.314, z=0; VEL:0, y=-50.0374, z=0
+5.41471e+10ns POS: x=150, y=95.3142, z=0; VEL:0, y=0, z=0
+5.41471e+10ns POS: x=150, y=95.3142, z=0; VEL:0, y=-50, z=0
+5.42017e+10ns POS: x=210, y=170, z=0; VEL:0, y=0, z=0
+5.42017e+10ns POS: x=210, y=170, z=0; VEL:-50, y=0, z=0
+5.42471e+10ns POS: x=150, y=90.3142, z=0; VEL:0, y=0, z=0
+5.42471e+10ns POS: x=150, y=90.3142, z=0; VEL:0, y=-50, z=0
+5.45151e+10ns POS: x=194.333, y=170, z=0; VEL:0, y=0, z=0
+5.45151e+10ns POS: x=194.333, y=170, z=0; VEL:-50.2713, y=0, z=0
+5.4714e+10ns POS: x=184.333, y=170, z=0; VEL:0, y=0, z=0
+5.4714e+10ns POS: x=184.333, y=170, z=0; VEL:-50, y=0, z=0
+5.48471e+10ns POS: x=150, y=60.3142, z=0; VEL:0, y=0, z=0
+5.48471e+10ns POS: x=150, y=60.3142, z=0; VEL:0, y=-50, z=0
+5.49471e+10ns POS: x=150, y=55.3142, z=0; VEL:0, y=0, z=0
+5.49471e+10ns POS: x=150, y=55.3142, z=0; VEL:0, y=-50, z=0
+5.50007e+10ns POS: x=170, y=170, z=0; VEL:0, y=0, z=0
+5.50007e+10ns POS: x=170, y=170, z=0; VEL:0, y=50, z=0
+5.54534e+10ns POS: x=150, y=30, z=0; VEL:0, y=0, z=0
+5.54534e+10ns POS: x=150, y=30, z=0; VEL:50, y=0, z=0
+5.58007e+10ns POS: x=170, y=210, z=0; VEL:0, y=0, z=0
+5.58007e+10ns POS: x=170, y=210, z=0; VEL:50, y=0, z=0
+5.5814e+10ns POS: x=170.667, y=210, z=0; VEL:0, y=0, z=0
+5.5814e+10ns POS: x=170.667, y=210, z=0; VEL:50.1547, y=0, z=0
+5.59471e+10ns POS: x=174.686, y=30, z=0; VEL:0, y=0, z=0
+5.59471e+10ns POS: x=174.686, y=30, z=0; VEL:50, y=0, z=0
+5.61131e+10ns POS: x=185.667, y=210, z=0; VEL:0, y=0, z=0
+5.61131e+10ns POS: x=185.667, y=210, z=0; VEL:50.2422, y=0, z=0
+5.61993e+10ns POS: x=190, y=210, z=0; VEL:0, y=0, z=0
+5.61993e+10ns POS: x=190, y=210, z=0; VEL:0, y=-50.2422, z=0
+5.66534e+10ns POS: x=210, y=30, z=0; VEL:0, y=0, z=0
+5.66534e+10ns POS: x=210, y=30, z=0; VEL:0, y=50, z=0
+5.69471e+10ns POS: x=210, y=44.6858, z=0; VEL:0, y=0, z=0
+5.69471e+10ns POS: x=210, y=44.6858, z=0; VEL:0, y=50, z=0
+5.69955e+10ns POS: x=190, y=170, z=0; VEL:0, y=0, z=0
+5.69955e+10ns POS: x=190, y=170, z=0; VEL:50.2422, y=0, z=0
+5.70534e+10ns POS: x=210, y=50, z=0; VEL:0, y=0, z=0
+5.70534e+10ns POS: x=210, y=50, z=0; VEL:-50, y=0, z=0
+5.71083e+10ns POS: x=195.667, y=170, z=0; VEL:0, y=0, z=0
+5.71083e+10ns POS: x=195.667, y=170, z=0; VEL:50, y=0, z=0
+5.73949e+10ns POS: x=210, y=170, z=0; VEL:0, y=0, z=0
+5.73949e+10ns POS: x=210, y=170, z=0; VEL:0, y=-50, z=0
+5.74534e+10ns POS: x=190, y=50, z=0; VEL:0, y=0, z=0
+5.74534e+10ns POS: x=190, y=50, z=0; VEL:0, y=-50, z=0
+5.77083e+10ns POS: x=210, y=154.333, z=0; VEL:0, y=0, z=0
+5.77083e+10ns POS: x=210, y=154.333, z=0; VEL:0, y=-50, z=0
+5.77949e+10ns POS: x=210, y=150, z=0; VEL:0, y=0, z=0
+5.77949e+10ns POS: x=210, y=150, z=0; VEL:-50, y=0, z=0
+5.78083e+10ns POS: x=209.333, y=150, z=0; VEL:0, y=0, z=0
+5.78083e+10ns POS: x=209.333, y=150, z=0; VEL:-50, y=0, z=0
+5.78471e+10ns POS: x=190, y=30.3142, z=0; VEL:0, y=0, z=0
+5.78471e+10ns POS: x=190, y=30.3142, z=0; VEL:0, y=-50.2328, z=0
+5.80462e+10ns POS: x=190, y=20.3142, z=0; VEL:0, y=0, z=0
+5.80462e+10ns POS: x=190, y=20.3142, z=0; VEL:0, y=-50, z=0
+5.82525e+10ns POS: x=190, y=10, z=0; VEL:0, y=0, z=0
+5.82525e+10ns POS: x=190, y=10, z=0; VEL:50, y=0, z=0
+5.85462e+10ns POS: x=204.686, y=10, z=0; VEL:0, y=0, z=0
+5.85462e+10ns POS: x=204.686, y=10, z=0; VEL:50, y=0, z=0
+5.85949e+10ns POS: x=170, y=150, z=0; VEL:0, y=0, z=0
+5.85949e+10ns POS: x=170, y=150, z=0; VEL:0, y=-50, z=0
+5.86462e+10ns POS: x=209.686, y=10, z=0; VEL:0, y=0, z=0
+5.86462e+10ns POS: x=209.686, y=10, z=0; VEL:50.0434, y=0, z=0
+5.86524e+10ns POS: x=210, y=10, z=0; VEL:0, y=0, z=0
+5.86524e+10ns POS: x=210, y=10, z=0; VEL:0, y=50.0434, z=0
+5.89083e+10ns POS: x=170, y=134.333, z=0; VEL:0, y=0, z=0
+5.89083e+10ns POS: x=170, y=134.333, z=0; VEL:0, y=-50, z=0
+5.89459e+10ns POS: x=210, y=24.6858, z=0; VEL:0, y=0, z=0
+5.89459e+10ns POS: x=210, y=24.6858, z=0; VEL:0, y=50.1721, z=0
+5.89949e+10ns POS: x=170, y=130, z=0; VEL:0, y=0, z=0
+5.89949e+10ns POS: x=170, y=130, z=0; VEL:50, y=0, z=0
+5.91083e+10ns POS: x=175.667, y=130, z=0; VEL:0, y=0, z=0
+5.91083e+10ns POS: x=175.667, y=130, z=0; VEL:50, y=0, z=0
+5.93949e+10ns POS: x=190, y=130, z=0; VEL:0, y=0, z=0
+5.93949e+10ns POS: x=190, y=130, z=0; VEL:0, y=-50, z=0
+5.94505e+10ns POS: x=210, y=50, z=0; VEL:0, y=0, z=0
+5.94505e+10ns POS: x=210, y=50, z=0; VEL:-50.1721, y=0, z=0
+5.96435e+10ns POS: x=200.314, y=50, z=0; VEL:0, y=0, z=0
+5.96435e+10ns POS: x=200.314, y=50, z=0; VEL:-50, y=0, z=0
+6.01949e+10ns POS: x=190, y=90, z=0; VEL:0, y=0, z=0
+6.01949e+10ns POS: x=190, y=90, z=0; VEL:50, y=0, z=0
+6.05949e+10ns POS: x=210, y=90, z=0; VEL:0, y=0, z=0
+6.05949e+10ns POS: x=210, y=90, z=0; VEL:0, y=50, z=0
+6.06083e+10ns POS: x=210, y=90.6672, z=0; VEL:0, y=0, z=0
+6.06083e+10ns POS: x=210, y=90.6672, z=0; VEL:0, y=50, z=0
+6.06435e+10ns POS: x=150.314, y=50, z=0; VEL:0, y=0, z=0
+6.06435e+10ns POS: x=150.314, y=50, z=0; VEL:-50, y=0, z=0
+6.09083e+10ns POS: x=210, y=105.667, z=0; VEL:0, y=0, z=0
+6.09083e+10ns POS: x=210, y=105.667, z=0; VEL:0, y=50, z=0
+6.10498e+10ns POS: x=130, y=50, z=0; VEL:0, y=0, z=0
+6.10498e+10ns POS: x=130, y=50, z=0; VEL:0, y=-50, z=0
+6.11083e+10ns POS: x=210, y=115.667, z=0; VEL:0, y=0, z=0
+6.11083e+10ns POS: x=210, y=115.667, z=0; VEL:0, y=50, z=0
+6.13083e+10ns POS: x=210, y=125.667, z=0; VEL:0, y=0, z=0
+6.13083e+10ns POS: x=210, y=125.667, z=0; VEL:0, y=50, z=0
+6.13949e+10ns POS: x=210, y=130, z=0; VEL:0, y=0, z=0
+6.13949e+10ns POS: x=210, y=130, z=0; VEL:-50, y=0, z=0
+6.14498e+10ns POS: x=130, y=30, z=0; VEL:0, y=0, z=0
+6.14498e+10ns POS: x=130, y=30, z=0; VEL:50, y=0, z=0
+6.17083e+10ns POS: x=194.333, y=130, z=0; VEL:0, y=0, z=0
+6.17083e+10ns POS: x=194.333, y=130, z=0; VEL:-50.1998, y=0, z=0
+6.17946e+10ns POS: x=190, y=130, z=0; VEL:0, y=0, z=0
+6.17946e+10ns POS: x=190, y=130, z=0; VEL:0, y=50.1998, z=0
+6.18498e+10ns POS: x=150, y=30, z=0; VEL:0, y=0, z=0
+6.18498e+10ns POS: x=150, y=30, z=0; VEL:0, y=50, z=0
+6.19435e+10ns POS: x=150, y=34.6858, z=0; VEL:0, y=0, z=0
+6.19435e+10ns POS: x=150, y=34.6858, z=0; VEL:0, y=50.1316, z=0
+6.20432e+10ns POS: x=150, y=39.6858, z=0; VEL:0, y=0, z=0
+6.20432e+10ns POS: x=150, y=39.6858, z=0; VEL:0, y=50.0254, z=0
+6.21432e+10ns POS: x=150, y=44.6858, z=0; VEL:0, y=0, z=0
+6.21432e+10ns POS: x=150, y=44.6858, z=0; VEL:0, y=50.2575, z=0
+6.22063e+10ns POS: x=190, y=150.667, z=0; VEL:0, y=0, z=0
+6.22063e+10ns POS: x=190, y=150.667, z=0; VEL:0, y=50.0917, z=0
+6.25057e+10ns POS: x=190, y=165.667, z=0; VEL:0, y=0, z=0
+6.25057e+10ns POS: x=190, y=165.667, z=0; VEL:0, y=50, z=0
+6.25924e+10ns POS: x=190, y=170, z=0; VEL:0, y=0, z=0
+6.25924e+10ns POS: x=190, y=170, z=0; VEL:50, y=0, z=0
+6.29391e+10ns POS: x=150, y=84.6858, z=0; VEL:0, y=0, z=0
+6.29391e+10ns POS: x=150, y=84.6858, z=0; VEL:0, y=50, z=0
+6.29924e+10ns POS: x=210, y=170, z=0; VEL:0, y=0, z=0
+6.29924e+10ns POS: x=210, y=170, z=0; VEL:0, y=-50, z=0
+6.33924e+10ns POS: x=210, y=150, z=0; VEL:0, y=0, z=0
+6.33924e+10ns POS: x=210, y=150, z=0; VEL:-50, y=0, z=0
+6.34391e+10ns POS: x=150, y=109.686, z=0; VEL:0, y=0, z=0
+6.34391e+10ns POS: x=150, y=109.686, z=0; VEL:0, y=50, z=0
+6.34454e+10ns POS: x=150, y=110, z=0; VEL:0, y=0, z=0
+6.34454e+10ns POS: x=150, y=110, z=0; VEL:50, y=0, z=0
+6.35057e+10ns POS: x=204.333, y=150, z=0; VEL:0, y=0, z=0
+6.35057e+10ns POS: x=204.333, y=150, z=0; VEL:-50.2702, y=0, z=0
+6.37047e+10ns POS: x=194.333, y=150, z=0; VEL:0, y=0, z=0
+6.37047e+10ns POS: x=194.333, y=150, z=0; VEL:-50, y=0, z=0
+6.39391e+10ns POS: x=174.686, y=110, z=0; VEL:0, y=0, z=0
+6.39391e+10ns POS: x=174.686, y=110, z=0; VEL:50, y=0, z=0
+6.40391e+10ns POS: x=179.686, y=110, z=0; VEL:0, y=0, z=0
+6.40391e+10ns POS: x=179.686, y=110, z=0; VEL:50.1144, y=0, z=0
+6.41047e+10ns POS: x=174.333, y=150, z=0; VEL:0, y=0, z=0
+6.41047e+10ns POS: x=174.333, y=150, z=0; VEL:-50, y=0, z=0
+6.41389e+10ns POS: x=184.686, y=110, z=0; VEL:0, y=0, z=0
+6.41389e+10ns POS: x=184.686, y=110, z=0; VEL:50.266, y=0, z=0
+6.41913e+10ns POS: x=170, y=150, z=0; VEL:0, y=0, z=0
+6.41913e+10ns POS: x=170, y=150, z=0; VEL:0, y=-50, z=0
+6.42047e+10ns POS: x=170, y=149.333, z=0; VEL:0, y=0, z=0
+6.42047e+10ns POS: x=170, y=149.333, z=0; VEL:0, y=-50, z=0
+6.43378e+10ns POS: x=194.686, y=110, z=0; VEL:0, y=0, z=0
+6.43378e+10ns POS: x=194.686, y=110, z=0; VEL:50.2227, y=0, z=0
+6.44374e+10ns POS: x=199.686, y=110, z=0; VEL:0, y=0, z=0
+6.44374e+10ns POS: x=199.686, y=110, z=0; VEL:50.3216, y=0, z=0
+6.46047e+10ns POS: x=170, y=129.333, z=0; VEL:0, y=0, z=0
+6.46047e+10ns POS: x=170, y=129.333, z=0; VEL:0, y=-50, z=0
+6.46423e+10ns POS: x=210, y=110, z=0; VEL:0, y=0, z=0
+6.46423e+10ns POS: x=210, y=110, z=0; VEL:0, y=-50.3216, z=0
+6.47047e+10ns POS: x=170, y=124.333, z=0; VEL:0, y=0, z=0
+6.47047e+10ns POS: x=170, y=124.333, z=0; VEL:0, y=-50, z=0
+6.48047e+10ns POS: x=170, y=119.333, z=0; VEL:0, y=0, z=0
+6.48047e+10ns POS: x=170, y=119.333, z=0; VEL:0, y=-50.0674, z=0
+6.50044e+10ns POS: x=170, y=109.333, z=0; VEL:0, y=0, z=0
+6.50044e+10ns POS: x=170, y=109.333, z=0; VEL:0, y=-50, z=0
+6.52044e+10ns POS: x=170, y=99.3328, z=0; VEL:0, y=0, z=0
+6.52044e+10ns POS: x=170, y=99.3328, z=0; VEL:0, y=-50.0734, z=0
+6.53908e+10ns POS: x=170, y=90, z=0; VEL:0, y=0, z=0
+6.53908e+10ns POS: x=170, y=90, z=0; VEL:50.0734, y=0, z=0
+6.54372e+10ns POS: x=210, y=70, z=0; VEL:0, y=0, z=0
+6.54372e+10ns POS: x=210, y=70, z=0; VEL:-50.3216, y=0, z=0
+6.57902e+10ns POS: x=190, y=90, z=0; VEL:0, y=0, z=0
+6.57902e+10ns POS: x=190, y=90, z=0; VEL:0, y=-50.0734, z=0
+6.58347e+10ns POS: x=190, y=70, z=0; VEL:0, y=0, z=0
+6.58347e+10ns POS: x=190, y=70, z=0; VEL:0, y=50.3216, z=0
+6.59278e+10ns POS: x=190, y=74.6858, z=0; VEL:0, y=0, z=0
+6.59278e+10ns POS: x=190, y=74.6858, z=0; VEL:0, y=50, z=0
+6.61031e+10ns POS: x=190, y=74.3328, z=0; VEL:0, y=0, z=0
+6.61031e+10ns POS: x=190, y=74.3328, z=0; VEL:0, y=-50.3688, z=0
+6.61891e+10ns POS: x=190, y=70, z=0; VEL:0, y=0, z=0
+6.61891e+10ns POS: x=190, y=70, z=0; VEL:50.3688, y=0, z=0
+6.62023e+10ns POS: x=190.667, y=70, z=0; VEL:0, y=0, z=0
+6.62023e+10ns POS: x=190.667, y=70, z=0; VEL:50.4455, y=0, z=0
+6.62341e+10ns POS: x=190, y=90, z=0; VEL:0, y=0, z=0
+6.62341e+10ns POS: x=190, y=90, z=0; VEL:50, y=0, z=0
+6.65856e+10ns POS: x=210, y=70, z=0; VEL:0, y=0, z=0
+6.65856e+10ns POS: x=210, y=70, z=0; VEL:0, y=50.4455, z=0
+6.66341e+10ns POS: x=210, y=90, z=0; VEL:0, y=0, z=0
+6.66341e+10ns POS: x=210, y=90, z=0; VEL:0, y=-50, z=0
+6.6982e+10ns POS: x=210, y=90, z=0; VEL:0, y=0, z=0
+6.6982e+10ns POS: x=210, y=90, z=0; VEL:-50.4455, y=0, z=0
+6.70944e+10ns POS: x=204.333, y=90, z=0; VEL:0, y=0, z=0
+6.70944e+10ns POS: x=204.333, y=90, z=0; VEL:-50, y=0, z=0
+6.71278e+10ns POS: x=210, y=65.3142, z=0; VEL:0, y=0, z=0
+6.71278e+10ns POS: x=210, y=65.3142, z=0; VEL:0, y=-50.1, z=0
+6.72276e+10ns POS: x=210, y=60.3142, z=0; VEL:0, y=0, z=0
+6.72276e+10ns POS: x=210, y=60.3142, z=0; VEL:0, y=-50, z=0
+6.74276e+10ns POS: x=210, y=50.3142, z=0; VEL:0, y=0, z=0
+6.74276e+10ns POS: x=210, y=50.3142, z=0; VEL:0, y=-50, z=0
+6.74339e+10ns POS: x=210, y=50, z=0; VEL:0, y=0, z=0
+6.74339e+10ns POS: x=210, y=50, z=0; VEL:-50, y=0, z=0
+6.76276e+10ns POS: x=200.314, y=50, z=0; VEL:0, y=0, z=0
+6.76276e+10ns POS: x=200.314, y=50, z=0; VEL:-50.168, y=0, z=0
+6.77272e+10ns POS: x=195.314, y=50, z=0; VEL:0, y=0, z=0
+6.77272e+10ns POS: x=195.314, y=50, z=0; VEL:-50, y=0, z=0
+6.8181e+10ns POS: x=150, y=90, z=0; VEL:0, y=0, z=0
+6.8181e+10ns POS: x=150, y=90, z=0; VEL:0, y=-50, z=0
+6.81944e+10ns POS: x=150, y=89.3328, z=0; VEL:0, y=0, z=0
+6.81944e+10ns POS: x=150, y=89.3328, z=0; VEL:0, y=-50.0274, z=0
+6.86335e+10ns POS: x=150, y=50, z=0; VEL:0, y=0, z=0
+6.86335e+10ns POS: x=150, y=50, z=0; VEL:0, y=50, z=0
+6.88272e+10ns POS: x=150, y=59.6858, z=0; VEL:0, y=0, z=0
+6.88272e+10ns POS: x=150, y=59.6858, z=0; VEL:0, y=50, z=0
+6.89806e+10ns POS: x=150, y=50, z=0; VEL:0, y=0, z=0
+6.89806e+10ns POS: x=150, y=50, z=0; VEL:50.0274, y=0, z=0
+6.89939e+10ns POS: x=150.667, y=50, z=0; VEL:0, y=0, z=0
+6.89939e+10ns POS: x=150.667, y=50, z=0; VEL:50, y=0, z=0
+6.91272e+10ns POS: x=150, y=74.6858, z=0; VEL:0, y=0, z=0
+6.91272e+10ns POS: x=150, y=74.6858, z=0; VEL:0, y=50, z=0
+6.93806e+10ns POS: x=170, y=50, z=0; VEL:0, y=0, z=0
+6.93806e+10ns POS: x=170, y=50, z=0; VEL:0, y=50, z=0
+6.94272e+10ns POS: x=150, y=89.6858, z=0; VEL:0, y=0, z=0
+6.94272e+10ns POS: x=150, y=89.6858, z=0; VEL:0, y=50, z=0
+6.94335e+10ns POS: x=150, y=90, z=0; VEL:0, y=0, z=0
+6.94335e+10ns POS: x=150, y=90, z=0; VEL:50, y=0, z=0
+6.95939e+10ns POS: x=170, y=60.6672, z=0; VEL:0, y=0, z=0
+6.95939e+10ns POS: x=170, y=60.6672, z=0; VEL:0, y=50, z=0
+6.97806e+10ns POS: x=170, y=70, z=0; VEL:0, y=0, z=0
+6.97806e+10ns POS: x=170, y=70, z=0; VEL:50, y=0, z=0
+6.97939e+10ns POS: x=170.667, y=70, z=0; VEL:0, y=0, z=0
+6.97939e+10ns POS: x=170.667, y=70, z=0; VEL:50, y=0, z=0
+6.98335e+10ns POS: x=170, y=90, z=0; VEL:0, y=0, z=0
+6.98335e+10ns POS: x=170, y=90, z=0; VEL:0, y=50, z=0
+7.01806e+10ns POS: x=190, y=70, z=0; VEL:0, y=0, z=0
+7.01806e+10ns POS: x=190, y=70, z=0; VEL:0, y=50, z=0
+7.02272e+10ns POS: x=170, y=109.686, z=0; VEL:0, y=0, z=0
+7.02272e+10ns POS: x=170, y=109.686, z=0; VEL:0, y=50, z=0
+7.05272e+10ns POS: x=170, y=124.686, z=0; VEL:0, y=0, z=0
+7.05272e+10ns POS: x=170, y=124.686, z=0; VEL:0, y=50.2063, z=0
+7.07939e+10ns POS: x=190, y=100.667, z=0; VEL:0, y=0, z=0
+7.07939e+10ns POS: x=190, y=100.667, z=0; VEL:0, y=50.3028, z=0
+7.13771e+10ns POS: x=190, y=130, z=0; VEL:0, y=0, z=0
+7.13771e+10ns POS: x=190, y=130, z=0; VEL:50.3028, y=0, z=0
+7.13903e+10ns POS: x=190.667, y=130, z=0; VEL:0, y=0, z=0
+7.13903e+10ns POS: x=190.667, y=130, z=0; VEL:50, y=0, z=0
+7.16903e+10ns POS: x=205.667, y=130, z=0; VEL:0, y=0, z=0
+7.16903e+10ns POS: x=205.667, y=130, z=0; VEL:50.1335, y=0, z=0
+7.17223e+10ns POS: x=170, y=184.686, z=0; VEL:0, y=0, z=0
+7.17223e+10ns POS: x=170, y=184.686, z=0; VEL:0, y=50, z=0
+7.17768e+10ns POS: x=210, y=130, z=0; VEL:0, y=0, z=0
+7.17768e+10ns POS: x=210, y=130, z=0; VEL:0, y=-50.1335, z=0
+7.18286e+10ns POS: x=170, y=190, z=0; VEL:0, y=0, z=0
+7.18286e+10ns POS: x=170, y=190, z=0; VEL:50, y=0, z=0
+7.18898e+10ns POS: x=210, y=124.333, z=0; VEL:0, y=0, z=0
+7.18898e+10ns POS: x=210, y=124.333, z=0; VEL:0, y=-50.0715, z=0
+7.20223e+10ns POS: x=179.686, y=190, z=0; VEL:0, y=0, z=0
+7.20223e+10ns POS: x=179.686, y=190, z=0; VEL:50.0214, y=0, z=0
+7.21894e+10ns POS: x=210, y=109.333, z=0; VEL:0, y=0, z=0
+7.21894e+10ns POS: x=210, y=109.333, z=0; VEL:0, y=-50, z=0
+7.25894e+10ns POS: x=210, y=89.3328, z=0; VEL:0, y=0, z=0
+7.25894e+10ns POS: x=210, y=89.3328, z=0; VEL:0, y=-50.262, z=0
+7.26283e+10ns POS: x=210, y=190, z=0; VEL:0, y=0, z=0
+7.26283e+10ns POS: x=210, y=190, z=0; VEL:0, y=-50.0214, z=0
+7.2974e+10ns POS: x=210, y=70, z=0; VEL:0, y=0, z=0
+7.2974e+10ns POS: x=210, y=70, z=0; VEL:-50.262, y=0, z=0
+7.29873e+10ns POS: x=209.333, y=70, z=0; VEL:0, y=0, z=0
+7.29873e+10ns POS: x=209.333, y=70, z=0; VEL:-50, y=0, z=0
+7.32873e+10ns POS: x=194.333, y=70, z=0; VEL:0, y=0, z=0
+7.32873e+10ns POS: x=194.333, y=70, z=0; VEL:-50.1837, y=0, z=0
+7.33218e+10ns POS: x=210, y=155.314, z=0; VEL:0, y=0, z=0
+7.33218e+10ns POS: x=210, y=155.314, z=0; VEL:0, y=-50.1565, z=0
+7.34214e+10ns POS: x=210, y=150.314, z=0; VEL:0, y=0, z=0
+7.34214e+10ns POS: x=210, y=150.314, z=0; VEL:0, y=-50.1838, z=0
+7.34277e+10ns POS: x=210, y=150, z=0; VEL:0, y=0, z=0
+7.34277e+10ns POS: x=210, y=150, z=0; VEL:-50.1838, y=0, z=0
+7.34866e+10ns POS: x=184.333, y=70, z=0; VEL:0, y=0, z=0
+7.34866e+10ns POS: x=184.333, y=70, z=0; VEL:-50, y=0, z=0
+7.37203e+10ns POS: x=195.314, y=150, z=0; VEL:0, y=0, z=0
+7.37203e+10ns POS: x=195.314, y=150, z=0; VEL:-50, y=0, z=0
+7.38266e+10ns POS: x=190, y=150, z=0; VEL:0, y=0, z=0
+7.38266e+10ns POS: x=190, y=150, z=0; VEL:0, y=50, z=0
+7.42266e+10ns POS: x=190, y=170, z=0; VEL:0, y=0, z=0
+7.42266e+10ns POS: x=190, y=170, z=0; VEL:50, y=0, z=0
+7.44866e+10ns POS: x=134.333, y=70, z=0; VEL:0, y=0, z=0
+7.44866e+10ns POS: x=134.333, y=70, z=0; VEL:-50.1571, y=0, z=0
+7.46266e+10ns POS: x=210, y=170, z=0; VEL:0, y=0, z=0
+7.46266e+10ns POS: x=210, y=170, z=0; VEL:0, y=-50, z=0
+7.4985e+10ns POS: x=109.333, y=70, z=0; VEL:0, y=0, z=0
+7.4985e+10ns POS: x=109.333, y=70, z=0; VEL:-50, y=0, z=0
+7.50266e+10ns POS: x=210, y=150, z=0; VEL:0, y=0, z=0
+7.50266e+10ns POS: x=210, y=150, z=0; VEL:-50, y=0, z=0
+7.53203e+10ns POS: x=195.314, y=150, z=0; VEL:0, y=0, z=0
+7.53203e+10ns POS: x=195.314, y=150, z=0; VEL:-50, y=0, z=0
+7.53716e+10ns POS: x=90, y=70, z=0; VEL:0, y=0, z=0
+7.53716e+10ns POS: x=90, y=70, z=0; VEL:0, y=50, z=0
+7.54266e+10ns POS: x=190, y=150, z=0; VEL:0, y=0, z=0
+7.54266e+10ns POS: x=190, y=150, z=0; VEL:0, y=-50, z=0
+7.56203e+10ns POS: x=190, y=140.314, z=0; VEL:0, y=0, z=0
+7.56203e+10ns POS: x=190, y=140.314, z=0; VEL:0, y=-50.0833, z=0
+7.57202e+10ns POS: x=190, y=135.314, z=0; VEL:0, y=0, z=0
+7.57202e+10ns POS: x=190, y=135.314, z=0; VEL:0, y=-50.3492, z=0
+7.5885e+10ns POS: x=90, y=95.6672, z=0; VEL:0, y=0, z=0
+7.5885e+10ns POS: x=90, y=95.6672, z=0; VEL:0, y=50.3097, z=0
+7.61699e+10ns POS: x=90, y=110, z=0; VEL:0, y=0, z=0
+7.61699e+10ns POS: x=90, y=110, z=0; VEL:50.3097, y=0, z=0
+7.64153e+10ns POS: x=190, y=100.314, z=0; VEL:0, y=0, z=0
+7.64153e+10ns POS: x=190, y=100.314, z=0; VEL:0, y=-50.2455, z=0
+7.65674e+10ns POS: x=110, y=110, z=0; VEL:0, y=0, z=0
+7.65674e+10ns POS: x=110, y=110, z=0; VEL:0, y=50.3097, z=0
+7.66206e+10ns POS: x=190, y=90, z=0; VEL:0, y=0, z=0
+7.66206e+10ns POS: x=190, y=90, z=0; VEL:50.2455, y=0, z=0
+7.70186e+10ns POS: x=210, y=90, z=0; VEL:0, y=0, z=0
+7.70186e+10ns POS: x=210, y=90, z=0; VEL:0, y=-50.2455, z=0
+7.73625e+10ns POS: x=110, y=150, z=0; VEL:0, y=0, z=0
+7.73625e+10ns POS: x=110, y=150, z=0; VEL:50.3097, y=0, z=0
+7.73758e+10ns POS: x=110.667, y=150, z=0; VEL:0, y=0, z=0
+7.73758e+10ns POS: x=110.667, y=150, z=0; VEL:50, y=0, z=0
+7.74167e+10ns POS: x=210, y=70, z=0; VEL:0, y=0, z=0
+7.74167e+10ns POS: x=210, y=70, z=0; VEL:-50.2455, y=0, z=0
+7.74758e+10ns POS: x=115.667, y=150, z=0; VEL:0, y=0, z=0
+7.74758e+10ns POS: x=115.667, y=150, z=0; VEL:50, y=0, z=0
+7.75758e+10ns POS: x=120.667, y=150, z=0; VEL:0, y=0, z=0
+7.75758e+10ns POS: x=120.667, y=150, z=0; VEL:50.2096, y=0, z=0
+7.76095e+10ns POS: x=200.314, y=70, z=0; VEL:0, y=0, z=0
+7.76095e+10ns POS: x=200.314, y=70, z=0; VEL:-50.2125, y=0, z=0
+7.77616e+10ns POS: x=130, y=150, z=0; VEL:0, y=0, z=0
+7.77616e+10ns POS: x=130, y=150, z=0; VEL:0, y=50.2096, z=0
+7.77749e+10ns POS: x=130, y=150.667, z=0; VEL:0, y=0, z=0
+7.77749e+10ns POS: x=130, y=150.667, z=0; VEL:0, y=50.1573, z=0
+7.78149e+10ns POS: x=190, y=70, z=0; VEL:0, y=0, z=0
+7.78149e+10ns POS: x=190, y=70, z=0; VEL:0, y=-50.2125, z=0
+7.79743e+10ns POS: x=130, y=160.667, z=0; VEL:0, y=0, z=0
+7.79743e+10ns POS: x=130, y=160.667, z=0; VEL:0, y=50, z=0
+7.80743e+10ns POS: x=130, y=165.667, z=0; VEL:0, y=0, z=0
+7.80743e+10ns POS: x=130, y=165.667, z=0; VEL:0, y=50, z=0
+7.81073e+10ns POS: x=190, y=55.3142, z=0; VEL:0, y=0, z=0
+7.81073e+10ns POS: x=190, y=55.3142, z=0; VEL:0, y=-50.3269, z=0
+7.82067e+10ns POS: x=190, y=50.3142, z=0; VEL:0, y=0, z=0
+7.82067e+10ns POS: x=190, y=50.3142, z=0; VEL:0, y=-50, z=0
+7.8213e+10ns POS: x=190, y=50, z=0; VEL:0, y=0, z=0
+7.8213e+10ns POS: x=190, y=50, z=0; VEL:50, y=0, z=0
+7.82743e+10ns POS: x=130, y=175.667, z=0; VEL:0, y=0, z=0
+7.82743e+10ns POS: x=130, y=175.667, z=0; VEL:0, y=50.1823, z=0
+7.84067e+10ns POS: x=199.686, y=50, z=0; VEL:0, y=0, z=0
+7.84067e+10ns POS: x=199.686, y=50, z=0; VEL:50, y=0, z=0
+7.8613e+10ns POS: x=210, y=50, z=0; VEL:0, y=0, z=0
+7.8613e+10ns POS: x=210, y=50, z=0; VEL:0, y=-50, z=0
+7.88721e+10ns POS: x=130, y=205.667, z=0; VEL:0, y=0, z=0
+7.88721e+10ns POS: x=130, y=205.667, z=0; VEL:0, y=50, z=0
+7.89067e+10ns POS: x=210, y=35.3142, z=0; VEL:0, y=0, z=0
+7.89067e+10ns POS: x=210, y=35.3142, z=0; VEL:0, y=-50.0587, z=0
+7.89588e+10ns POS: x=130, y=210, z=0; VEL:0, y=0, z=0
+7.89588e+10ns POS: x=130, y=210, z=0; VEL:50, y=0, z=0
+7.91721e+10ns POS: x=140.667, y=210, z=0; VEL:0, y=0, z=0
+7.91721e+10ns POS: x=140.667, y=210, z=0; VEL:50, y=0, z=0
+7.94124e+10ns POS: x=210, y=10, z=0; VEL:0, y=0, z=0
+7.94124e+10ns POS: x=210, y=10, z=0; VEL:-50.0587, y=0, z=0
+7.97588e+10ns POS: x=170, y=210, z=0; VEL:0, y=0, z=0
+7.97588e+10ns POS: x=170, y=210, z=0; VEL:0, y=-50, z=0
+7.97721e+10ns POS: x=170, y=209.333, z=0; VEL:0, y=0, z=0
+7.97721e+10ns POS: x=170, y=209.333, z=0; VEL:0, y=-50.0957, z=0
+7.98119e+10ns POS: x=190, y=10, z=0; VEL:0, y=0, z=0
+7.98119e+10ns POS: x=190, y=10, z=0; VEL:0, y=50.0587, z=0
+8.00054e+10ns POS: x=190, y=19.6858, z=0; VEL:0, y=0, z=0
+8.00054e+10ns POS: x=190, y=19.6858, z=0; VEL:0, y=50.0334, z=0
+8.02116e+10ns POS: x=190, y=30, z=0; VEL:0, y=0, z=0
+8.02116e+10ns POS: x=190, y=30, z=0; VEL:50.0334, y=0, z=0
+8.05573e+10ns POS: x=170, y=170, z=0; VEL:0, y=0, z=0
+8.05573e+10ns POS: x=170, y=170, z=0; VEL:50.0957, y=0, z=0
+8.06113e+10ns POS: x=210, y=30, z=0; VEL:0, y=0, z=0
+8.06113e+10ns POS: x=210, y=30, z=0; VEL:0, y=-50.0334, z=0
+8.08049e+10ns POS: x=210, y=20.3142, z=0; VEL:0, y=0, z=0
+8.08049e+10ns POS: x=210, y=20.3142, z=0; VEL:0, y=-50, z=0
+8.09565e+10ns POS: x=190, y=170, z=0; VEL:0, y=0, z=0
+8.09565e+10ns POS: x=190, y=170, z=0; VEL:0, y=50.0957, z=0
+8.10049e+10ns POS: x=210, y=10.3142, z=0; VEL:0, y=0, z=0
+8.10049e+10ns POS: x=210, y=10.3142, z=0; VEL:0, y=-50.0791, z=0
+8.10111e+10ns POS: x=210, y=10, z=0; VEL:0, y=0, z=0
+8.10111e+10ns POS: x=210, y=10, z=0; VEL:-50.0791, y=0, z=0
+8.10696e+10ns POS: x=190, y=175.667, z=0; VEL:0, y=0, z=0
+8.10696e+10ns POS: x=190, y=175.667, z=0; VEL:0, y=50.1454, z=0
+8.12691e+10ns POS: x=190, y=185.667, z=0; VEL:0, y=0, z=0
+8.12691e+10ns POS: x=190, y=185.667, z=0; VEL:0, y=50, z=0
+8.13691e+10ns POS: x=190, y=190.667, z=0; VEL:0, y=0, z=0
+8.13691e+10ns POS: x=190, y=190.667, z=0; VEL:0, y=50, z=0
+8.16039e+10ns POS: x=180.314, y=10, z=0; VEL:0, y=0, z=0
+8.16039e+10ns POS: x=180.314, y=10, z=0; VEL:-50.3584, y=0, z=0
+8.17032e+10ns POS: x=175.314, y=10, z=0; VEL:0, y=0, z=0
+8.17032e+10ns POS: x=175.314, y=10, z=0; VEL:-50, y=0, z=0
+8.17557e+10ns POS: x=190, y=210, z=0; VEL:0, y=0, z=0
+8.17557e+10ns POS: x=190, y=210, z=0; VEL:50, y=0, z=0
+8.18095e+10ns POS: x=170, y=10, z=0; VEL:0, y=0, z=0
+8.18095e+10ns POS: x=170, y=10, z=0; VEL:0, y=50, z=0
+8.20032e+10ns POS: x=170, y=19.6858, z=0; VEL:0, y=0, z=0
+8.20032e+10ns POS: x=170, y=19.6858, z=0; VEL:0, y=50, z=0
+8.20691e+10ns POS: x=205.667, y=210, z=0; VEL:0, y=0, z=0
+8.20691e+10ns POS: x=205.667, y=210, z=0; VEL:50.1659, y=0, z=0
+8.21554e+10ns POS: x=210, y=210, z=0; VEL:0, y=0, z=0
+8.21554e+10ns POS: x=210, y=210, z=0; VEL:0, y=-50.1659, z=0
+8.22095e+10ns POS: x=170, y=30, z=0; VEL:0, y=0, z=0
+8.22095e+10ns POS: x=170, y=30, z=0; VEL:50, y=0, z=0
+8.25541e+10ns POS: x=210, y=190, z=0; VEL:0, y=0, z=0
+8.25541e+10ns POS: x=210, y=190, z=0; VEL:-50.1659, y=0, z=0
+8.26095e+10ns POS: x=190, y=30, z=0; VEL:0, y=0, z=0
+8.26095e+10ns POS: x=190, y=30, z=0; VEL:0, y=-50, z=0
+8.26671e+10ns POS: x=204.333, y=190, z=0; VEL:0, y=0, z=0
+8.26671e+10ns POS: x=204.333, y=190, z=0; VEL:-50, y=0, z=0
+8.30095e+10ns POS: x=190, y=10, z=0; VEL:0, y=0, z=0
+8.30095e+10ns POS: x=190, y=10, z=0; VEL:50, y=0, z=0
+8.34032e+10ns POS: x=209.686, y=10, z=0; VEL:0, y=0, z=0
+8.34032e+10ns POS: x=209.686, y=10, z=0; VEL:50.254, y=0, z=0
+8.34095e+10ns POS: x=210, y=10, z=0; VEL:0, y=0, z=0
+8.34095e+10ns POS: x=210, y=10, z=0; VEL:0, y=50.254, z=0
+8.35027e+10ns POS: x=210, y=14.6858, z=0; VEL:0, y=0, z=0
+8.35027e+10ns POS: x=210, y=14.6858, z=0; VEL:0, y=50, z=0
+8.35671e+10ns POS: x=159.333, y=190, z=0; VEL:0, y=0, z=0
+8.35671e+10ns POS: x=159.333, y=190, z=0; VEL:-50.165, y=0, z=0
+8.37531e+10ns POS: x=150, y=190, z=0; VEL:0, y=0, z=0
+8.37531e+10ns POS: x=150, y=190, z=0; VEL:0, y=-50.165, z=0
+8.38027e+10ns POS: x=210, y=29.6858, z=0; VEL:0, y=0, z=0
+8.38027e+10ns POS: x=210, y=29.6858, z=0; VEL:0, y=50, z=0
+8.3809e+10ns POS: x=210, y=30, z=0; VEL:0, y=0, z=0
+8.3809e+10ns POS: x=210, y=30, z=0; VEL:-50, y=0, z=0
+8.40654e+10ns POS: x=150, y=174.333, z=0; VEL:0, y=0, z=0
+8.40654e+10ns POS: x=150, y=174.333, z=0; VEL:0, y=-50, z=0
+8.41521e+10ns POS: x=150, y=170, z=0; VEL:0, y=0, z=0
+8.41521e+10ns POS: x=150, y=170, z=0; VEL:50, y=0, z=0
+8.41654e+10ns POS: x=150.667, y=170, z=0; VEL:0, y=0, z=0
+8.41654e+10ns POS: x=150.667, y=170, z=0; VEL:50, y=0, z=0
+8.4209e+10ns POS: x=190, y=30, z=0; VEL:0, y=0, z=0
+8.4209e+10ns POS: x=190, y=30, z=0; VEL:0, y=50, z=0
+8.44027e+10ns POS: x=190, y=39.6858, z=0; VEL:0, y=0, z=0
+8.44027e+10ns POS: x=190, y=39.6858, z=0; VEL:0, y=50.3217, z=0
+8.45021e+10ns POS: x=190, y=44.6858, z=0; VEL:0, y=0, z=0
+8.45021e+10ns POS: x=190, y=44.6858, z=0; VEL:0, y=50, z=0
+8.48021e+10ns POS: x=190, y=59.6858, z=0; VEL:0, y=0, z=0
+8.48021e+10ns POS: x=190, y=59.6858, z=0; VEL:0, y=50, z=0
+8.50084e+10ns POS: x=190, y=70, z=0; VEL:0, y=0, z=0
+8.50084e+10ns POS: x=190, y=70, z=0; VEL:50, y=0, z=0
+8.50654e+10ns POS: x=195.667, y=170, z=0; VEL:0, y=0, z=0
+8.50654e+10ns POS: x=195.667, y=170, z=0; VEL:50, y=0, z=0
+8.52021e+10ns POS: x=199.686, y=70, z=0; VEL:0, y=0, z=0
+8.52021e+10ns POS: x=199.686, y=70, z=0; VEL:50, y=0, z=0
+8.53521e+10ns POS: x=210, y=170, z=0; VEL:0, y=0, z=0
+8.53521e+10ns POS: x=210, y=170, z=0; VEL:0, y=50, z=0
+8.54021e+10ns POS: x=209.686, y=70, z=0; VEL:0, y=0, z=0
+8.54021e+10ns POS: x=209.686, y=70, z=0; VEL:50.3934, y=0, z=0
+8.54083e+10ns POS: x=210, y=70, z=0; VEL:0, y=0, z=0
+8.54083e+10ns POS: x=210, y=70, z=0; VEL:0, y=-50.3934, z=0
+8.54654e+10ns POS: x=210, y=175.667, z=0; VEL:0, y=0, z=0
+8.54654e+10ns POS: x=210, y=175.667, z=0; VEL:0, y=50, z=0
+8.56654e+10ns POS: x=210, y=185.667, z=0; VEL:0, y=0, z=0
+8.56654e+10ns POS: x=210, y=185.667, z=0; VEL:0, y=50, z=0
+8.59974e+10ns POS: x=210, y=40.3142, z=0; VEL:0, y=0, z=0
+8.59974e+10ns POS: x=210, y=40.3142, z=0; VEL:0, y=-50, z=0
+8.60974e+10ns POS: x=210, y=35.3142, z=0; VEL:0, y=0, z=0
+8.60974e+10ns POS: x=210, y=35.3142, z=0; VEL:0, y=-50.1145, z=0
+8.61521e+10ns POS: x=210, y=210, z=0; VEL:0, y=0, z=0
+8.61521e+10ns POS: x=210, y=210, z=0; VEL:-50, y=0, z=0
+8.66025e+10ns POS: x=210, y=10, z=0; VEL:0, y=0, z=0
+8.66025e+10ns POS: x=210, y=10, z=0; VEL:-50.1145, y=0, z=0
+8.67654e+10ns POS: x=179.333, y=210, z=0; VEL:0, y=0, z=0
+8.67654e+10ns POS: x=179.333, y=210, z=0; VEL:-50, y=0, z=0
+8.69654e+10ns POS: x=169.333, y=210, z=0; VEL:0, y=0, z=0
+8.69654e+10ns POS: x=169.333, y=210, z=0; VEL:-50.1117, y=0, z=0
+8.69953e+10ns POS: x=190.314, y=10, z=0; VEL:0, y=0, z=0
+8.69953e+10ns POS: x=190.314, y=10, z=0; VEL:-50.2776, y=0, z=0
+8.70016e+10ns POS: x=190, y=10, z=0; VEL:0, y=0, z=0
+8.70016e+10ns POS: x=190, y=10, z=0; VEL:0, y=50.2776, z=0
+8.72937e+10ns POS: x=190, y=24.6858, z=0; VEL:0, y=0, z=0
+8.72937e+10ns POS: x=190, y=24.6858, z=0; VEL:0, y=50.1052, z=0
+8.73645e+10ns POS: x=149.333, y=210, z=0; VEL:0, y=0, z=0
+8.73645e+10ns POS: x=149.333, y=210, z=0; VEL:-50, y=0, z=0
+8.75645e+10ns POS: x=139.333, y=210, z=0; VEL:0, y=0, z=0
+8.75645e+10ns POS: x=139.333, y=210, z=0; VEL:-50.482, y=0, z=0
+8.77494e+10ns POS: x=130, y=210, z=0; VEL:0, y=0, z=0
+8.77494e+10ns POS: x=130, y=210, z=0; VEL:0, y=-50.482, z=0
+8.80598e+10ns POS: x=130, y=194.333, z=0; VEL:0, y=0, z=0
+8.80598e+10ns POS: x=130, y=194.333, z=0; VEL:0, y=-50, z=0
+8.81981e+10ns POS: x=190, y=70, z=0; VEL:0, y=0, z=0
+8.81981e+10ns POS: x=190, y=70, z=0; VEL:50.1052, y=0, z=0
+8.82598e+10ns POS: x=130, y=184.333, z=0; VEL:0, y=0, z=0
+8.82598e+10ns POS: x=130, y=184.333, z=0; VEL:0, y=-50, z=0
+8.83914e+10ns POS: x=199.686, y=70, z=0; VEL:0, y=0, z=0
+8.83914e+10ns POS: x=199.686, y=70, z=0; VEL:50.0561, y=0, z=0
+8.84598e+10ns POS: x=130, y=174.333, z=0; VEL:0, y=0, z=0
+8.84598e+10ns POS: x=130, y=174.333, z=0; VEL:0, y=-50, z=0
+8.85974e+10ns POS: x=210, y=70, z=0; VEL:0, y=0, z=0
+8.85974e+10ns POS: x=210, y=70, z=0; VEL:0, y=-50.0561, z=0
+8.88598e+10ns POS: x=130, y=154.333, z=0; VEL:0, y=0, z=0
+8.88598e+10ns POS: x=130, y=154.333, z=0; VEL:0, y=-50.2429, z=0
+8.88908e+10ns POS: x=210, y=55.3142, z=0; VEL:0, y=0, z=0
+8.88908e+10ns POS: x=210, y=55.3142, z=0; VEL:0, y=-50, z=0
+8.89593e+10ns POS: x=130, y=149.333, z=0; VEL:0, y=0, z=0
+8.89593e+10ns POS: x=130, y=149.333, z=0; VEL:0, y=-50.046, z=0
+8.89971e+10ns POS: x=210, y=50, z=0; VEL:0, y=0, z=0
+8.89971e+10ns POS: x=210, y=50, z=0; VEL:-50, y=0, z=0
+8.91591e+10ns POS: x=130, y=139.333, z=0; VEL:0, y=0, z=0
+8.91591e+10ns POS: x=130, y=139.333, z=0; VEL:0, y=-50.164, z=0
+8.91908e+10ns POS: x=200.314, y=50, z=0; VEL:0, y=0, z=0
+8.91908e+10ns POS: x=200.314, y=50, z=0; VEL:-50.2234, y=0, z=0
+8.93451e+10ns POS: x=130, y=130, z=0; VEL:0, y=0, z=0
+8.93451e+10ns POS: x=130, y=130, z=0; VEL:50.164, y=0, z=0
+8.93962e+10ns POS: x=190, y=50, z=0; VEL:0, y=0, z=0
+8.93962e+10ns POS: x=190, y=50, z=0; VEL:0, y=-50.2234, z=0
+8.9589e+10ns POS: x=190, y=40.3142, z=0; VEL:0, y=0, z=0
+8.9589e+10ns POS: x=190, y=40.3142, z=0; VEL:0, y=-50.0025, z=0
+8.97953e+10ns POS: x=190, y=30, z=0; VEL:0, y=0, z=0
+8.97953e+10ns POS: x=190, y=30, z=0; VEL:50.0025, y=0, z=0
+8.98568e+10ns POS: x=155.667, y=130, z=0; VEL:0, y=0, z=0
+8.98568e+10ns POS: x=155.667, y=130, z=0; VEL:50.2228, y=0, z=0
+9.01555e+10ns POS: x=170.667, y=130, z=0; VEL:0, y=0, z=0
+9.01555e+10ns POS: x=170.667, y=130, z=0; VEL:50, y=0, z=0
+9.01953e+10ns POS: x=210, y=30, z=0; VEL:0, y=0, z=0
+9.01953e+10ns POS: x=210, y=30, z=0; VEL:0, y=50.0025, z=0
+9.03555e+10ns POS: x=180.667, y=130, z=0; VEL:0, y=0, z=0
+9.03555e+10ns POS: x=180.667, y=130, z=0; VEL:50.0882, y=0, z=0
+9.05551e+10ns POS: x=190.667, y=130, z=0; VEL:0, y=0, z=0
+9.05551e+10ns POS: x=190.667, y=130, z=0; VEL:50.0558, y=0, z=0
+9.05953e+10ns POS: x=210, y=50, z=0; VEL:0, y=0, z=0
+9.05953e+10ns POS: x=210, y=50, z=0; VEL:-50.0025, y=0, z=0
+9.0789e+10ns POS: x=200.314, y=50, z=0; VEL:0, y=0, z=0
+9.0789e+10ns POS: x=200.314, y=50, z=0; VEL:-50, y=0, z=0
+9.0889e+10ns POS: x=195.314, y=50, z=0; VEL:0, y=0, z=0
+9.0889e+10ns POS: x=195.314, y=50, z=0; VEL:-50, y=0, z=0
+9.09413e+10ns POS: x=210, y=130, z=0; VEL:0, y=0, z=0
+9.09413e+10ns POS: x=210, y=130, z=0; VEL:0, y=-50.0558, z=0
+9.0989e+10ns POS: x=190.314, y=50, z=0; VEL:0, y=0, z=0
+9.0989e+10ns POS: x=190.314, y=50, z=0; VEL:-50, y=0, z=0
+9.1189e+10ns POS: x=180.314, y=50, z=0; VEL:0, y=0, z=0
+9.1189e+10ns POS: x=180.314, y=50, z=0; VEL:-50, y=0, z=0
+9.13409e+10ns POS: x=210, y=110, z=0; VEL:0, y=0, z=0
+9.13409e+10ns POS: x=210, y=110, z=0; VEL:-50.0558, y=0, z=0
+9.13952e+10ns POS: x=170, y=50, z=0; VEL:0, y=0, z=0
+9.13952e+10ns POS: x=170, y=50, z=0; VEL:0, y=50, z=0
+9.14541e+10ns POS: x=204.333, y=110, z=0; VEL:0, y=0, z=0
+9.14541e+10ns POS: x=204.333, y=110, z=0; VEL:-50.1126, y=0, z=0
+9.1889e+10ns POS: x=170, y=74.6858, z=0; VEL:0, y=0, z=0
+9.1889e+10ns POS: x=170, y=74.6858, z=0; VEL:0, y=50.0314, z=0
+9.20528e+10ns POS: x=174.333, y=110, z=0; VEL:0, y=0, z=0
+9.20528e+10ns POS: x=174.333, y=110, z=0; VEL:-50.0494, y=0, z=0
+9.21527e+10ns POS: x=169.333, y=110, z=0; VEL:0, y=0, z=0
+9.21527e+10ns POS: x=169.333, y=110, z=0; VEL:-50.3456, y=0, z=0
+9.21888e+10ns POS: x=170, y=89.6858, z=0; VEL:0, y=0, z=0
+9.21888e+10ns POS: x=170, y=89.6858, z=0; VEL:0, y=50, z=0
+9.2252e+10ns POS: x=164.333, y=110, z=0; VEL:0, y=0, z=0
+9.2252e+10ns POS: x=164.333, y=110, z=0; VEL:-50.0031, y=0, z=0
+9.2452e+10ns POS: x=154.333, y=110, z=0; VEL:0, y=0, z=0
+9.2452e+10ns POS: x=154.333, y=110, z=0; VEL:-50, y=0, z=0
+9.25386e+10ns POS: x=150, y=110, z=0; VEL:0, y=0, z=0
+9.25386e+10ns POS: x=150, y=110, z=0; VEL:0, y=50, z=0
+9.2952e+10ns POS: x=150, y=130.667, z=0; VEL:0, y=0, z=0
+9.2952e+10ns POS: x=150, y=130.667, z=0; VEL:0, y=50, z=0
+9.29888e+10ns POS: x=170, y=129.686, z=0; VEL:0, y=0, z=0
+9.29888e+10ns POS: x=170, y=129.686, z=0; VEL:0, y=50.0546, z=0
+9.29951e+10ns POS: x=170, y=130, z=0; VEL:0, y=0, z=0
+9.29951e+10ns POS: x=170, y=130, z=0; VEL:50.0546, y=0, z=0
+9.30887e+10ns POS: x=174.686, y=130, z=0; VEL:0, y=0, z=0
+9.30887e+10ns POS: x=174.686, y=130, z=0; VEL:50.0626, y=0, z=0
+9.33883e+10ns POS: x=189.686, y=130, z=0; VEL:0, y=0, z=0
+9.33883e+10ns POS: x=189.686, y=130, z=0; VEL:50, y=0, z=0
+9.34883e+10ns POS: x=194.686, y=130, z=0; VEL:0, y=0, z=0
+9.34883e+10ns POS: x=194.686, y=130, z=0; VEL:50.2029, y=0, z=0
+9.37386e+10ns POS: x=150, y=170, z=0; VEL:0, y=0, z=0
+9.37386e+10ns POS: x=150, y=170, z=0; VEL:50, y=0, z=0
+9.3752e+10ns POS: x=150.667, y=170, z=0; VEL:0, y=0, z=0
+9.3752e+10ns POS: x=150.667, y=170, z=0; VEL:50, y=0, z=0
+9.37933e+10ns POS: x=210, y=130, z=0; VEL:0, y=0, z=0
+9.37933e+10ns POS: x=210, y=130, z=0; VEL:0, y=50.2029, z=0
+9.41386e+10ns POS: x=170, y=170, z=0; VEL:0, y=0, z=0
+9.41386e+10ns POS: x=170, y=170, z=0; VEL:0, y=-50, z=0
+9.4252e+10ns POS: x=170, y=164.333, z=0; VEL:0, y=0, z=0
+9.4252e+10ns POS: x=170, y=164.333, z=0; VEL:0, y=-50, z=0
+9.45386e+10ns POS: x=170, y=150, z=0; VEL:0, y=0, z=0
+9.45386e+10ns POS: x=170, y=150, z=0; VEL:50, y=0, z=0
+9.45901e+10ns POS: x=210, y=170, z=0; VEL:0, y=0, z=0
+9.45901e+10ns POS: x=210, y=170, z=0; VEL:-50.2029, y=0, z=0
+9.46834e+10ns POS: x=205.314, y=170, z=0; VEL:0, y=0, z=0
+9.46834e+10ns POS: x=205.314, y=170, z=0; VEL:-50.2853, y=0, z=0
+9.4852e+10ns POS: x=185.667, y=150, z=0; VEL:0, y=0, z=0
+9.4852e+10ns POS: x=185.667, y=150, z=0; VEL:50.0207, y=0, z=0
+9.53384e+10ns POS: x=210, y=150, z=0; VEL:0, y=0, z=0
+9.53384e+10ns POS: x=210, y=150, z=0; VEL:0, y=-50.0207, z=0
+9.53857e+10ns POS: x=170, y=170, z=0; VEL:0, y=0, z=0
+9.53857e+10ns POS: x=170, y=170, z=0; VEL:0, y=-50.2853, z=0
+9.54517e+10ns POS: x=210, y=144.333, z=0; VEL:0, y=0, z=0
+9.54517e+10ns POS: x=210, y=144.333, z=0; VEL:0, y=-50.5675, z=0
+9.55506e+10ns POS: x=210, y=139.333, z=0; VEL:0, y=0, z=0
+9.55506e+10ns POS: x=210, y=139.333, z=0; VEL:0, y=-50, z=0
+9.55783e+10ns POS: x=170, y=160.314, z=0; VEL:0, y=0, z=0
+9.55783e+10ns POS: x=170, y=160.314, z=0; VEL:0, y=-50, z=0
+9.57373e+10ns POS: x=210, y=130, z=0; VEL:0, y=0, z=0
+9.57373e+10ns POS: x=210, y=130, z=0; VEL:-50, y=0, z=0
+9.57846e+10ns POS: x=170, y=150, z=0; VEL:0, y=0, z=0
+9.57846e+10ns POS: x=170, y=150, z=0; VEL:50, y=0, z=0
+9.58506e+10ns POS: x=204.333, y=130, z=0; VEL:0, y=0, z=0
+9.58506e+10ns POS: x=204.333, y=130, z=0; VEL:-50.0889, y=0, z=0
+9.61501e+10ns POS: x=189.333, y=130, z=0; VEL:0, y=0, z=0
+9.61501e+10ns POS: x=189.333, y=130, z=0; VEL:-50, y=0, z=0
+9.61783e+10ns POS: x=189.686, y=150, z=0; VEL:0, y=0, z=0
+9.61783e+10ns POS: x=189.686, y=150, z=0; VEL:50, y=0, z=0
+9.61846e+10ns POS: x=190, y=150, z=0; VEL:0, y=0, z=0
+9.61846e+10ns POS: x=190, y=150, z=0; VEL:0, y=50, z=0
+9.65367e+10ns POS: x=170, y=130, z=0; VEL:0, y=0, z=0
+9.65367e+10ns POS: x=170, y=130, z=0; VEL:0, y=50, z=0
+9.69367e+10ns POS: x=170, y=150, z=0; VEL:0, y=0, z=0
+9.69367e+10ns POS: x=170, y=150, z=0; VEL:50, y=0, z=0
+9.69846e+10ns POS: x=190, y=190, z=0; VEL:0, y=0, z=0
+9.69846e+10ns POS: x=190, y=190, z=0; VEL:50, y=0, z=0
+9.70501e+10ns POS: x=175.667, y=150, z=0; VEL:0, y=0, z=0
+9.70501e+10ns POS: x=175.667, y=150, z=0; VEL:50.0811, y=0, z=0
+9.73363e+10ns POS: x=190, y=150, z=0; VEL:0, y=0, z=0
+9.73363e+10ns POS: x=190, y=150, z=0; VEL:0, y=50.0811, z=0
+9.73783e+10ns POS: x=209.686, y=190, z=0; VEL:0, y=0, z=0
+9.73783e+10ns POS: x=209.686, y=190, z=0; VEL:50, y=0, z=0
+9.73846e+10ns POS: x=210, y=190, z=0; VEL:0, y=0, z=0
+9.73846e+10ns POS: x=210, y=190, z=0; VEL:0, y=-50, z=0
+9.77356e+10ns POS: x=190, y=170, z=0; VEL:0, y=0, z=0
+9.77356e+10ns POS: x=190, y=170, z=0; VEL:50.0811, y=0, z=0
+9.77846e+10ns POS: x=210, y=170, z=0; VEL:0, y=0, z=0
+9.77846e+10ns POS: x=210, y=170, z=0; VEL:-50, y=0, z=0
+9.8135e+10ns POS: x=210, y=170, z=0; VEL:0, y=0, z=0
+9.8135e+10ns POS: x=210, y=170, z=0; VEL:0, y=-50.0811, z=0
+9.81783e+10ns POS: x=190.314, y=170, z=0; VEL:0, y=0, z=0
+9.81783e+10ns POS: x=190.314, y=170, z=0; VEL:-50, y=0, z=0
+9.82783e+10ns POS: x=185.314, y=170, z=0; VEL:0, y=0, z=0
+9.82783e+10ns POS: x=185.314, y=170, z=0; VEL:-50, y=0, z=0
+9.89337e+10ns POS: x=210, y=130, z=0; VEL:0, y=0, z=0
+9.89337e+10ns POS: x=210, y=130, z=0; VEL:-50.0811, y=0, z=0
+9.8947e+10ns POS: x=209.333, y=130, z=0; VEL:0, y=0, z=0
+9.8947e+10ns POS: x=209.333, y=130, z=0; VEL:-50.025, y=0, z=0
+9.93846e+10ns POS: x=130, y=170, z=0; VEL:0, y=0, z=0
+9.93846e+10ns POS: x=130, y=170, z=0; VEL:0, y=-50, z=0
+9.97332e+10ns POS: x=170, y=130, z=0; VEL:0, y=0, z=0
+9.97332e+10ns POS: x=170, y=130, z=0; VEL:0, y=50.025, z=0
+9.97846e+10ns POS: x=130, y=150, z=0; VEL:0, y=0, z=0
+9.97846e+10ns POS: x=130, y=150, z=0; VEL:50, y=0, z=0
+9.98465e+10ns POS: x=170, y=135.667, z=0; VEL:0, y=0, z=0
+9.98465e+10ns POS: x=170, y=135.667, z=0; VEL:0, y=50, z=0
+1e+11ns POS: x=140.769, y=150, z=0; VEL:0, y=0, z=0
+1e+11ns POS: x=170, y=143.34, z=0; VEL:0, y=0, z=0
